Using pre-set license
Built from '2020.3/staging' branch; Version is '2020.3.23f1 (c5d91304a876) revision 12966163'; Using compiler version '192528614'; Build Type 'Release'
OS: 'Windows 10 Home; OS build 19044.1586; Version 2009; 64bit' Language: 'ko' Physical Memory: 8059 MB
BatchMode: 1, IsHumanControllingUs: 0, StartBugReporterOnCrash: 0, Is64bit: 1, IsPro: 0

COMMAND LINE ARGUMENTS:
C:\Program Files\Unity\Hub\Editor\2020.3.23f1\Editor\Unity.exe
-adb2
-batchMode
-noUpm
-name
AssetImportWorker0
-projectPath
C:/Users/westk/Documents/UnityProjects/CatRun
-logFile
Logs/AssetImportWorker0.log
-srvPort
56691
Successfully changed project path to: C:/Users/westk/Documents/UnityProjects/CatRun
C:/Users/westk/Documents/UnityProjects/CatRun
Using Asset Import Pipeline V2.
Refreshing native plugins compatible for Editor in 347.66 ms, found 3 plugins.
Preloading 0 native plugins for Editor in 0.00 ms.
Initialize engine version: 2020.3.23f1 (c5d91304a876)
[Subsystems] Discovering subsystems at path C:/Program Files/Unity/Hub/Editor/2020.3.23f1/Editor/Data/Resources/UnitySubsystems
[Subsystems] Discovering subsystems at path C:/Users/westk/Documents/UnityProjects/CatRun/Assets
GfxDevice: creating device client; threaded=0
Direct3D:
    Version:  Direct3D 11.0 [level 11.1]
    Renderer: Intel(R) UHD Graphics 620 (ID=0x5917)
    Vendor:   
    VRAM:     4029 MB
    Driver:   27.20.100.8681
Initialize mono
Mono path[0] = 'C:/Program Files/Unity/Hub/Editor/2020.3.23f1/Editor/Data/Managed'
Mono path[1] = 'C:/Program Files/Unity/Hub/Editor/2020.3.23f1/Editor/Data/MonoBleedingEdge/lib/mono/unityjit'
Mono config path = 'C:/Program Files/Unity/Hub/Editor/2020.3.23f1/Editor/Data/MonoBleedingEdge/etc'
Using monoOptions --debugger-agent=transport=dt_socket,embedding=1,server=y,suspend=n,address=127.0.0.1:56412
Begin MonoManager ReloadAssembly
Registering precompiled unity dll's ...
Register platform support module: C:/Program Files/Unity/Hub/Editor/2020.3.23f1/Editor/Data/PlaybackEngines/WebGLSupport/UnityEditor.WebGL.Extensions.dll
Register platform support module: C:/Program Files/Unity/Hub/Editor/2020.3.23f1/Editor/Data/PlaybackEngines/WindowsStandaloneSupport/UnityEditor.WindowsStandalone.Extensions.dll
Registered in 0.022373 seconds.
Native extension for WindowsStandalone target not found
Native extension for WebGL target not found
Refreshing native plugins compatible for Editor in 251.07 ms, found 3 plugins.
Preloading 0 native plugins for Editor in 0.00 ms.
Mono: successfully reloaded assembly
- Completed reload, in  3.194 seconds
Domain Reload Profiling:
	ReloadAssembly (3195ms)
		BeginReloadAssembly (399ms)
			ExecutionOrderSort (0ms)
			DisableScriptedObjects (0ms)
			BackupInstance (0ms)
			ReleaseScriptingObjects (0ms)
			CreateAndSetChildDomain (3ms)
		EndReloadAssembly (2336ms)
			LoadAssemblies (381ms)
			RebuildTransferFunctionScriptingTraits (0ms)
			SetupTypeCache (765ms)
			ReleaseScriptCaches (0ms)
			RebuildScriptCaches (134ms)
			SetupLoadedEditorAssemblies (868ms)
				LogAssemblyErrors (0ms)
				InitializePlatformSupportModulesInManaged (25ms)
				SetLoadedEditorAssemblies (1ms)
				RefreshPlugins (251ms)
				BeforeProcessingInitializeOnLoad (81ms)
				ProcessInitializeOnLoadAttributes (351ms)
				ProcessInitializeOnLoadMethodAttributes (157ms)
				AfterProcessingInitializeOnLoad (0ms)
				EditorAssembliesLoaded (1ms)
			ExecutionOrderSort2 (0ms)
			AwakeInstancesAfterBackupRestoration (0ms)
Platform modules already initialized, skipping
Registering precompiled user dll's ...
Registered in 0.043293 seconds.
Begin MonoManager ReloadAssembly
Native extension for WindowsStandalone target not found
Native extension for WebGL target not found
Refreshing native plugins compatible for Editor in 292.73 ms, found 3 plugins.
Preloading 0 native plugins for Editor in 0.00 ms.
Mono: successfully reloaded assembly
- Completed reload, in  6.922 seconds
Domain Reload Profiling:
	ReloadAssembly (6927ms)
		BeginReloadAssembly (831ms)
			ExecutionOrderSort (0ms)
			DisableScriptedObjects (29ms)
			BackupInstance (0ms)
			ReleaseScriptingObjects (0ms)
			CreateAndSetChildDomain (73ms)
		EndReloadAssembly (5691ms)
			LoadAssemblies (622ms)
			RebuildTransferFunctionScriptingTraits (0ms)
			SetupTypeCache (1554ms)
			ReleaseScriptCaches (1ms)
			RebuildScriptCaches (272ms)
			SetupLoadedEditorAssemblies (2620ms)
				LogAssemblyErrors (0ms)
				InitializePlatformSupportModulesInManaged (120ms)
				SetLoadedEditorAssemblies (1ms)
				RefreshPlugins (293ms)
				BeforeProcessingInitializeOnLoad (652ms)
				ProcessInitializeOnLoadAttributes (1141ms)
				ProcessInitializeOnLoadMethodAttributes (92ms)
				AfterProcessingInitializeOnLoad (322ms)
				EditorAssembliesLoaded (1ms)
			ExecutionOrderSort2 (0ms)
			AwakeInstancesAfterBackupRestoration (40ms)
Platform modules already initialized, skipping
========================================================================
Worker process is ready to serve import requests
Launched and connected shader compiler UnityShaderCompiler.exe after 0.33 seconds
Refreshing native plugins compatible for Editor in 2.27 ms, found 3 plugins.
Preloading 0 native plugins for Editor in 0.00 ms.
Unloading 2212 Unused Serialized files (Serialized files now loaded: 0)
System memory in use before: 100.6 MB.
System memory in use after: 100.7 MB.

Unloading 28 unused Assets to reduce memory usage. Loaded Objects now: 2646.
Total: 16.099200 ms (FindLiveObjects: 0.625400 ms CreateObjectMapping: 0.452400 ms MarkObjects: 14.767100 ms  DeleteObjects: 0.249400 ms)

AssetImportParameters requested are different than current active one (requested -> active):
  custom:framework-win-MediaFoundation: 216162199b28c13a410421893ffa2e32 -> 
  custom:video-decoder-ogg-theora: a1e56fd34408186e4bbccfd4996cb3dc -> 
  custom:container-muxer-webm: aa71ff27fc2769a1b78a27578f13a17b -> 
  custom:container-demuxer-webm: 4f35f7cbe854078d1ac9338744f61a02 -> 
  custom:container-demuxer-ogg: 62fdf1f143b41e24485cea50d1cbac27 -> 
  custom:video-encoder-webm-vp8: eb34c28f22e8b96e1ab97ce403110664 -> 
  custom:video-codec-MediaFoundation-h265: 746d11721c4dcdbdad8f713fa42b33f4 -> 
  custom:video-decoder-webm-vp8: 9c59270c3fd7afecdb556c50c9e8de78 -> 
  custom:audio-decoder-ogg-vorbis: bf7c407c2cedff20999df2af8eb42d56 -> 
  custom:audio-encoder-webm-vorbis: bf7c407c2cedff20999df2af8eb42d56 -> 
========================================================================
Received Import Request.
  path: Assets/Resources/Sprites/Foods/sushi_shrimp.png
  artifactKey: Guid(e5937a0be9382e148a1bcd5917fdc545) Importer(815301076,1909f56bfc062723c751e8b465ee728b)
Start importing Assets/Resources/Sprites/Foods/sushi_shrimp.png using Guid(e5937a0be9382e148a1bcd5917fdc545) Importer(815301076,1909f56bfc062723c751e8b465ee728b)  -> (artifact id: '98c5026e9a8c78d6121cf00782e1ae52') in 1.120964 seconds 
  Import took 1.133801 seconds .

========================================================================
Received Import Request.
  Time since last request: 0.001264 seconds.
  path: Assets/Resources/Sprites/Foods/sushi_egg.png
  artifactKey: Guid(e022c4be28b0bdf439ba4c99919c4569) Importer(815301076,1909f56bfc062723c751e8b465ee728b)
Start importing Assets/Resources/Sprites/Foods/sushi_egg.png using Guid(e022c4be28b0bdf439ba4c99919c4569) Importer(815301076,1909f56bfc062723c751e8b465ee728b)  -> (artifact id: '9a5437a39eaf74cdaaac1b3e186241fc') in 0.069437 seconds 
  Import took 0.092090 seconds .

========================================================================
Received Import Request.
  Time since last request: 0.001073 seconds.
  path: Assets/Resources/Sprites/Foods/sushi_tuna.png
  artifactKey: Guid(74c8a3f15a3fe2245931b82330c4dd97) Importer(815301076,1909f56bfc062723c751e8b465ee728b)
Start importing Assets/Resources/Sprites/Foods/sushi_tuna.png using Guid(74c8a3f15a3fe2245931b82330c4dd97) Importer(815301076,1909f56bfc062723c751e8b465ee728b)  -> (artifact id: 'a1ae261c8b3125edd430c17ae59ee16d') in 0.185673 seconds 
  Import took 0.199859 seconds .

========================================================================
Received Import Request.
  Time since last request: 0.001084 seconds.
  path: Assets/Resources/Sprites/Foods/sushi_fisheggs.png
  artifactKey: Guid(3990c0289fbb58943ab2657390b653cb) Importer(815301076,1909f56bfc062723c751e8b465ee728b)
Start importing Assets/Resources/Sprites/Foods/sushi_fisheggs.png using Guid(3990c0289fbb58943ab2657390b653cb) Importer(815301076,1909f56bfc062723c751e8b465ee728b)  -> (artifact id: '91935c00b273ee21188e42946b44ee54') in 0.160259 seconds 
  Import took 0.176761 seconds .

========================================================================
Received Prepare
Registering precompiled user dll's ...
Registered in 0.030248 seconds.
Begin MonoManager ReloadAssembly
Native extension for WindowsStandalone target not found
Native extension for WebGL target not found
Refreshing native plugins compatible for Editor in 0.79 ms, found 3 plugins.
Preloading 0 native plugins for Editor in 0.00 ms.
Mono: successfully reloaded assembly
- Completed reload, in  1.986 seconds
Domain Reload Profiling:
	ReloadAssembly (1987ms)
		BeginReloadAssembly (218ms)
			ExecutionOrderSort (0ms)
			DisableScriptedObjects (10ms)
			BackupInstance (0ms)
			ReleaseScriptingObjects (0ms)
			CreateAndSetChildDomain (51ms)
		EndReloadAssembly (1586ms)
			LoadAssemblies (207ms)
			RebuildTransferFunctionScriptingTraits (0ms)
			SetupTypeCache (568ms)
			ReleaseScriptCaches (1ms)
			RebuildScriptCaches (94ms)
			SetupLoadedEditorAssemblies (583ms)
				LogAssemblyErrors (0ms)
				InitializePlatformSupportModulesInManaged (8ms)
				SetLoadedEditorAssemblies (1ms)
				RefreshPlugins (1ms)
				BeforeProcessingInitializeOnLoad (202ms)
				ProcessInitializeOnLoadAttributes (327ms)
				ProcessInitializeOnLoadMethodAttributes (18ms)
				AfterProcessingInitializeOnLoad (26ms)
				EditorAssembliesLoaded (0ms)
			ExecutionOrderSort2 (0ms)
			AwakeInstancesAfterBackupRestoration (14ms)
Platform modules already initialized, skipping
Refreshing native plugins compatible for Editor in 1.15 ms, found 3 plugins.
Preloading 0 native plugins for Editor in 0.00 ms.
Unloading 2188 Unused Serialized files (Serialized files now loaded: 0)
System memory in use before: 101.6 MB.
System memory in use after: 101.7 MB.

Unloading 17 unused Assets to reduce memory usage. Loaded Objects now: 2660.
Total: 4.851200 ms (FindLiveObjects: 0.390900 ms CreateObjectMapping: 0.150900 ms MarkObjects: 4.275100 ms  DeleteObjects: 0.032700 ms)

AssetImportParameters requested are different than current active one (requested -> active):
  custom:framework-win-MediaFoundation: 216162199b28c13a410421893ffa2e32 -> 
  custom:video-decoder-ogg-theora: a1e56fd34408186e4bbccfd4996cb3dc -> 
  custom:container-muxer-webm: aa71ff27fc2769a1b78a27578f13a17b -> 
  custom:container-demuxer-webm: 4f35f7cbe854078d1ac9338744f61a02 -> 
  custom:container-demuxer-ogg: 62fdf1f143b41e24485cea50d1cbac27 -> 
  custom:video-encoder-webm-vp8: eb34c28f22e8b96e1ab97ce403110664 -> 
  custom:video-codec-MediaFoundation-h265: 746d11721c4dcdbdad8f713fa42b33f4 -> 
  custom:video-decoder-webm-vp8: 9c59270c3fd7afecdb556c50c9e8de78 -> 
  custom:audio-decoder-ogg-vorbis: bf7c407c2cedff20999df2af8eb42d56 -> 
  custom:audio-encoder-webm-vorbis: bf7c407c2cedff20999df2af8eb42d56 -> 
========================================================================
Received Import Request.
  Time since last request: 4662.238528 seconds.
  path: Assets/Scripts/PlayerController.cs
  artifactKey: Guid(39eb0b1dc7a40464fa488a7cb61ddb05) Importer(815301076,1909f56bfc062723c751e8b465ee728b)
Start importing Assets/Scripts/PlayerController.cs using Guid(39eb0b1dc7a40464fa488a7cb61ddb05) Importer(815301076,1909f56bfc062723c751e8b465ee728b)  -> (artifact id: '61f51b8ec01e8718f39d0046e399f294') in 0.053709 seconds 
  Import took 0.060835 seconds .

========================================================================
Received Import Request.
  Time since last request: 0.268045 seconds.
  path: Assets/Scripts/MainSceneManager.cs
  artifactKey: Guid(c09e6f3bd9177c541a3783e8b80e7324) Importer(815301076,1909f56bfc062723c751e8b465ee728b)
Start importing Assets/Scripts/MainSceneManager.cs using Guid(c09e6f3bd9177c541a3783e8b80e7324) Importer(815301076,1909f56bfc062723c751e8b465ee728b)  -> (artifact id: '51af42042ba1f4253aebc645f766d466') in 0.009505 seconds 
  Import took 0.015858 seconds .

========================================================================
Received Import Request.
  Time since last request: 0.370996 seconds.
  path: Assets/Scripts/Background.cs
  artifactKey: Guid(471506b6973caab4ea6d2697613ce72a) Importer(815301076,1909f56bfc062723c751e8b465ee728b)
Start importing Assets/Scripts/Background.cs using Guid(471506b6973caab4ea6d2697613ce72a) Importer(815301076,1909f56bfc062723c751e8b465ee728b)  -> (artifact id: '609280cd48f2840bc37a222b79067980') in 0.011137 seconds 
  Import took 0.018025 seconds .

========================================================================
Received Import Request.
  Time since last request: 11.909763 seconds.
  path: Assets/Scripts/BackgroundController.cs
  artifactKey: Guid(471506b6973caab4ea6d2697613ce72a) Importer(815301076,1909f56bfc062723c751e8b465ee728b)
Start importing Assets/Scripts/BackgroundController.cs using Guid(471506b6973caab4ea6d2697613ce72a) Importer(815301076,1909f56bfc062723c751e8b465ee728b)  -> (artifact id: '5918930dd7731987f734eefcd79bcd25') in 0.008055 seconds 
  Import took 0.015994 seconds .

========================================================================
Received Import Request.
  Time since last request: 28.538955 seconds.
  path: Assets/Scripts/BackgroundController.cs
  artifactKey: Guid(471506b6973caab4ea6d2697613ce72a) Importer(815301076,1909f56bfc062723c751e8b465ee728b)
Start importing Assets/Scripts/BackgroundController.cs using Guid(471506b6973caab4ea6d2697613ce72a) Importer(815301076,1909f56bfc062723c751e8b465ee728b)  -> (artifact id: '7721c2f68e2f8fbfacbf296baf6a2236') in 0.011312 seconds 
  Import took 0.018726 seconds .

========================================================================
Received Import Request.
  Time since last request: 2.480359 seconds.
  path: Assets/Scripts/Background.cs
  artifactKey: Guid(bdc6ce18a085f7648960cde31a9a75ea) Importer(815301076,1909f56bfc062723c751e8b465ee728b)
Start importing Assets/Scripts/Background.cs using Guid(bdc6ce18a085f7648960cde31a9a75ea) Importer(815301076,1909f56bfc062723c751e8b465ee728b)  -> (artifact id: '54ea26e2313d3c19978ca4ae0146c68d') in 0.007897 seconds 
  Import took 0.013727 seconds .

========================================================================
Received Prepare
Registering precompiled user dll's ...
Registered in 0.038457 seconds.
Begin MonoManager ReloadAssembly
Native extension for WindowsStandalone target not found
Native extension for WebGL target not found
Refreshing native plugins compatible for Editor in 0.70 ms, found 3 plugins.
Preloading 0 native plugins for Editor in 0.00 ms.
Mono: successfully reloaded assembly
- Completed reload, in  2.719 seconds
Domain Reload Profiling:
	ReloadAssembly (2741ms)
		BeginReloadAssembly (859ms)
			ExecutionOrderSort (0ms)
			DisableScriptedObjects (146ms)
			BackupInstance (0ms)
			ReleaseScriptingObjects (2ms)
			CreateAndSetChildDomain (373ms)
		EndReloadAssembly (1679ms)
			LoadAssemblies (305ms)
			RebuildTransferFunctionScriptingTraits (0ms)
			SetupTypeCache (520ms)
			ReleaseScriptCaches (2ms)
			RebuildScriptCaches (104ms)
			SetupLoadedEditorAssemblies (584ms)
				LogAssemblyErrors (0ms)
				InitializePlatformSupportModulesInManaged (13ms)
				SetLoadedEditorAssemblies (3ms)
				RefreshPlugins (1ms)
				BeforeProcessingInitializeOnLoad (174ms)
				ProcessInitializeOnLoadAttributes (343ms)
				ProcessInitializeOnLoadMethodAttributes (16ms)
				AfterProcessingInitializeOnLoad (34ms)
				EditorAssembliesLoaded (0ms)
			ExecutionOrderSort2 (0ms)
			AwakeInstancesAfterBackupRestoration (14ms)
Platform modules already initialized, skipping
Refreshing native plugins compatible for Editor in 0.66 ms, found 3 plugins.
Preloading 0 native plugins for Editor in 0.00 ms.
Unloading 2188 Unused Serialized files (Serialized files now loaded: 0)
System memory in use before: 101.7 MB.
System memory in use after: 101.8 MB.

Unloading 17 unused Assets to reduce memory usage. Loaded Objects now: 2662.
Total: 5.752700 ms (FindLiveObjects: 0.265800 ms CreateObjectMapping: 0.121100 ms MarkObjects: 5.319000 ms  DeleteObjects: 0.044000 ms)

AssetImportParameters requested are different than current active one (requested -> active):
  custom:framework-win-MediaFoundation: 216162199b28c13a410421893ffa2e32 -> 
  custom:video-decoder-ogg-theora: a1e56fd34408186e4bbccfd4996cb3dc -> 
  custom:container-muxer-webm: aa71ff27fc2769a1b78a27578f13a17b -> 
  custom:container-demuxer-webm: 4f35f7cbe854078d1ac9338744f61a02 -> 
  custom:container-demuxer-ogg: 62fdf1f143b41e24485cea50d1cbac27 -> 
  custom:video-encoder-webm-vp8: eb34c28f22e8b96e1ab97ce403110664 -> 
  custom:video-codec-MediaFoundation-h265: 746d11721c4dcdbdad8f713fa42b33f4 -> 
  custom:video-decoder-webm-vp8: 9c59270c3fd7afecdb556c50c9e8de78 -> 
  custom:audio-decoder-ogg-vorbis: bf7c407c2cedff20999df2af8eb42d56 -> 
  custom:audio-encoder-webm-vorbis: bf7c407c2cedff20999df2af8eb42d56 -> 
========================================================================
Received Import Request.
  Time since last request: 2768.091360 seconds.
  path: Assets/Animations/VFX/vfx_explode.controller
  artifactKey: Guid(7a304b51baa72ea459eaa1d3f0461e22) Importer(815301076,1909f56bfc062723c751e8b465ee728b)
Start importing Assets/Animations/VFX/vfx_explode.controller using Guid(7a304b51baa72ea459eaa1d3f0461e22) Importer(815301076,1909f56bfc062723c751e8b465ee728b)  -> (artifact id: '9527fc4581e64a33d2553a00e4e2e9c7') in 0.055086 seconds 
  Import took 0.064057 seconds .

========================================================================
Received Import Request.
  Time since last request: 337.307598 seconds.
  path: Assets/Resources/Sprites/UI/jump_normal.png
  artifactKey: Guid(9d471f3a3d7e40440b1b3a47275684f4) Importer(815301076,1909f56bfc062723c751e8b465ee728b)
Start importing Assets/Resources/Sprites/UI/jump_normal.png using Guid(9d471f3a3d7e40440b1b3a47275684f4) Importer(815301076,1909f56bfc062723c751e8b465ee728b)  -> (artifact id: '5974fef2ff18d7d0ed8abd76d99d9089') in 0.103504 seconds 
  Import took 0.108695 seconds .

========================================================================
Received Import Request.
  Time since last request: 445.638231 seconds.
  path: Assets/Audio/SFX/sfx_buttonClick.mp3
  artifactKey: Guid(b17c790e951dd9940aea81f6d1afe3ac) Importer(815301076,1909f56bfc062723c751e8b465ee728b)
Start importing Assets/Audio/SFX/sfx_buttonClick.mp3 using Guid(b17c790e951dd9940aea81f6d1afe3ac) Importer(815301076,1909f56bfc062723c751e8b465ee728b)  -> (artifact id: '1df654f6ea2365857f2295ea228bb5c6') in 0.095518 seconds 
  Import took 0.102794 seconds .

========================================================================
Received Import Request.
  Time since last request: 5.705054 seconds.
  path: Assets/Audio/SFX/sfx_cook.mp3
  artifactKey: Guid(d367bcfdbe78380409703b6cbfdf8cdb) Importer(815301076,1909f56bfc062723c751e8b465ee728b)
Start importing Assets/Audio/SFX/sfx_cook.mp3 using Guid(d367bcfdbe78380409703b6cbfdf8cdb) Importer(815301076,1909f56bfc062723c751e8b465ee728b)  -> (artifact id: 'a07a18d14ec9b8fe79a0a1aa980356b9') in 0.027798 seconds 
  Import took 0.036257 seconds .

========================================================================
Received Import Request.
  Time since last request: 4.266189 seconds.
  path: Assets/Audio/SFX/sfx_damage.mp3
  artifactKey: Guid(29bad39569dc0d64eba229aca4081548) Importer(815301076,1909f56bfc062723c751e8b465ee728b)
Start importing Assets/Audio/SFX/sfx_damage.mp3 using Guid(29bad39569dc0d64eba229aca4081548) Importer(815301076,1909f56bfc062723c751e8b465ee728b)  -> (artifact id: '50ed594de59f408a07346295d28e0ba6') in 0.038361 seconds 
  Import took 0.048534 seconds .

========================================================================
Received Import Request.
  Time since last request: 3.957625 seconds.
  path: Assets/Audio/SFX/sfx_eat.mp3
  artifactKey: Guid(863659663a64be945af554d5bbdcbed3) Importer(815301076,1909f56bfc062723c751e8b465ee728b)
Start importing Assets/Audio/SFX/sfx_eat.mp3 using Guid(863659663a64be945af554d5bbdcbed3) Importer(815301076,1909f56bfc062723c751e8b465ee728b)  -> (artifact id: 'd602c273756adff2caf5ec821cc03eab') in 0.030077 seconds 
  Import took 0.036597 seconds .

========================================================================
Received Import Request.
  Time since last request: 3.942186 seconds.
  path: Assets/Audio/SFX/sfx_gameClear.mp3
  artifactKey: Guid(14459a7066b3aff4786361b7e3db2370) Importer(815301076,1909f56bfc062723c751e8b465ee728b)
Start importing Assets/Audio/SFX/sfx_gameClear.mp3 using Guid(14459a7066b3aff4786361b7e3db2370) Importer(815301076,1909f56bfc062723c751e8b465ee728b)  -> (artifact id: '5d5bb9148cc97b977b1bf2004b5e709f') in 0.030584 seconds 
  Import took 0.038844 seconds .

========================================================================
Received Import Request.
  Time since last request: 4.420191 seconds.
  path: Assets/Audio/SFX/sfx_gameOver.mp3
  artifactKey: Guid(9a5d34537bae6fb45b1b53d89cd860eb) Importer(815301076,1909f56bfc062723c751e8b465ee728b)
Start importing Assets/Audio/SFX/sfx_gameOver.mp3 using Guid(9a5d34537bae6fb45b1b53d89cd860eb) Importer(815301076,1909f56bfc062723c751e8b465ee728b)  -> (artifact id: 'b2e47a3153a6199b24048e2ba5530632') in 0.026652 seconds 
  Import took 0.034257 seconds .

========================================================================
Received Import Request.
  Time since last request: 3.617571 seconds.
  path: Assets/Audio/SFX/sfx_jump.mp3
  artifactKey: Guid(333c9e3628ddc6e4c9775bc1e8fbd890) Importer(815301076,1909f56bfc062723c751e8b465ee728b)
Start importing Assets/Audio/SFX/sfx_jump.mp3 using Guid(333c9e3628ddc6e4c9775bc1e8fbd890) Importer(815301076,1909f56bfc062723c751e8b465ee728b)  -> (artifact id: '2637fdaf3143e8df81989644e0257252') in 0.030193 seconds 
  Import took 0.040523 seconds .

========================================================================
Received Prepare
Registering precompiled user dll's ...
Registered in 0.023692 seconds.
Begin MonoManager ReloadAssembly
Native extension for WindowsStandalone target not found
Native extension for WebGL target not found
Refreshing native plugins compatible for Editor in 1.11 ms, found 3 plugins.
Preloading 0 native plugins for Editor in 0.00 ms.
Mono: successfully reloaded assembly
- Completed reload, in  1.983 seconds
Domain Reload Profiling:
	ReloadAssembly (1984ms)
		BeginReloadAssembly (255ms)
			ExecutionOrderSort (0ms)
			DisableScriptedObjects (9ms)
			BackupInstance (0ms)
			ReleaseScriptingObjects (0ms)
			CreateAndSetChildDomain (65ms)
		EndReloadAssembly (1589ms)
			LoadAssemblies (318ms)
			RebuildTransferFunctionScriptingTraits (0ms)
			SetupTypeCache (519ms)
			ReleaseScriptCaches (1ms)
			RebuildScriptCaches (56ms)
			SetupLoadedEditorAssemblies (565ms)
				LogAssemblyErrors (0ms)
				InitializePlatformSupportModulesInManaged (12ms)
				SetLoadedEditorAssemblies (1ms)
				RefreshPlugins (1ms)
				BeforeProcessingInitializeOnLoad (176ms)
				ProcessInitializeOnLoadAttributes (319ms)
				ProcessInitializeOnLoadMethodAttributes (22ms)
				AfterProcessingInitializeOnLoad (33ms)
				EditorAssembliesLoaded (0ms)
			ExecutionOrderSort2 (0ms)
			AwakeInstancesAfterBackupRestoration (16ms)
Platform modules already initialized, skipping
Refreshing native plugins compatible for Editor in 1.16 ms, found 3 plugins.
Preloading 0 native plugins for Editor in 0.00 ms.
Unloading 2188 Unused Serialized files (Serialized files now loaded: 0)
System memory in use before: 101.8 MB.
System memory in use after: 101.9 MB.

Unloading 17 unused Assets to reduce memory usage. Loaded Objects now: 2673.
Total: 6.469200 ms (FindLiveObjects: 2.258600 ms CreateObjectMapping: 0.246100 ms MarkObjects: 3.926400 ms  DeleteObjects: 0.036000 ms)

AssetImportParameters requested are different than current active one (requested -> active):
  custom:framework-win-MediaFoundation: 216162199b28c13a410421893ffa2e32 -> 
  custom:video-decoder-ogg-theora: a1e56fd34408186e4bbccfd4996cb3dc -> 
  custom:container-muxer-webm: aa71ff27fc2769a1b78a27578f13a17b -> 
  custom:container-demuxer-webm: 4f35f7cbe854078d1ac9338744f61a02 -> 
  custom:container-demuxer-ogg: 62fdf1f143b41e24485cea50d1cbac27 -> 
  custom:video-encoder-webm-vp8: eb34c28f22e8b96e1ab97ce403110664 -> 
  custom:video-codec-MediaFoundation-h265: 746d11721c4dcdbdad8f713fa42b33f4 -> 
  custom:video-decoder-webm-vp8: 9c59270c3fd7afecdb556c50c9e8de78 -> 
  custom:audio-decoder-ogg-vorbis: bf7c407c2cedff20999df2af8eb42d56 -> 
  custom:audio-encoder-webm-vorbis: bf7c407c2cedff20999df2af8eb42d56 -> 
========================================================================
Received Prepare
Registering precompiled user dll's ...
Registered in 0.028747 seconds.
Begin MonoManager ReloadAssembly
Native extension for WindowsStandalone target not found
Native extension for WebGL target not found
Refreshing native plugins compatible for Editor in 0.84 ms, found 3 plugins.
Preloading 0 native plugins for Editor in 0.00 ms.
Mono: successfully reloaded assembly
- Completed reload, in  2.040 seconds
Domain Reload Profiling:
	ReloadAssembly (2041ms)
		BeginReloadAssembly (195ms)
			ExecutionOrderSort (0ms)
			DisableScriptedObjects (9ms)
			BackupInstance (0ms)
			ReleaseScriptingObjects (0ms)
			CreateAndSetChildDomain (53ms)
		EndReloadAssembly (1712ms)
			LoadAssemblies (289ms)
			RebuildTransferFunctionScriptingTraits (0ms)
			SetupTypeCache (513ms)
			ReleaseScriptCaches (2ms)
			RebuildScriptCaches (68ms)
			SetupLoadedEditorAssemblies (687ms)
				LogAssemblyErrors (0ms)
				InitializePlatformSupportModulesInManaged (9ms)
				SetLoadedEditorAssemblies (1ms)
				RefreshPlugins (1ms)
				BeforeProcessingInitializeOnLoad (165ms)
				ProcessInitializeOnLoadAttributes (453ms)
				ProcessInitializeOnLoadMethodAttributes (25ms)
				AfterProcessingInitializeOnLoad (34ms)
				EditorAssembliesLoaded (0ms)
			ExecutionOrderSort2 (0ms)
			AwakeInstancesAfterBackupRestoration (18ms)
Platform modules already initialized, skipping
Refreshing native plugins compatible for Editor in 0.73 ms, found 3 plugins.
Preloading 0 native plugins for Editor in 0.00 ms.
Unloading 2188 Unused Serialized files (Serialized files now loaded: 0)
System memory in use before: 101.8 MB.
System memory in use after: 101.9 MB.

Unloading 17 unused Assets to reduce memory usage. Loaded Objects now: 2675.
Total: 3.830200 ms (FindLiveObjects: 0.314700 ms CreateObjectMapping: 0.152900 ms MarkObjects: 3.332600 ms  DeleteObjects: 0.028400 ms)

AssetImportParameters requested are different than current active one (requested -> active):
  custom:framework-win-MediaFoundation: 216162199b28c13a410421893ffa2e32 -> 
  custom:video-decoder-ogg-theora: a1e56fd34408186e4bbccfd4996cb3dc -> 
  custom:container-muxer-webm: aa71ff27fc2769a1b78a27578f13a17b -> 
  custom:container-demuxer-webm: 4f35f7cbe854078d1ac9338744f61a02 -> 
  custom:container-demuxer-ogg: 62fdf1f143b41e24485cea50d1cbac27 -> 
  custom:video-encoder-webm-vp8: eb34c28f22e8b96e1ab97ce403110664 -> 
  custom:video-codec-MediaFoundation-h265: 746d11721c4dcdbdad8f713fa42b33f4 -> 
  custom:video-decoder-webm-vp8: 9c59270c3fd7afecdb556c50c9e8de78 -> 
  custom:audio-decoder-ogg-vorbis: bf7c407c2cedff20999df2af8eb42d56 -> 
  custom:audio-encoder-webm-vorbis: bf7c407c2cedff20999df2af8eb42d56 -> 
========================================================================
Received Import Request.
  Time since last request: 356.425099 seconds.
  path: Assets/Resources/Sprites/VFX/vfx_gameClear 1.png
  artifactKey: Guid(4ef8cfea061bbdb428655d178e3cabbb) Importer(815301076,1909f56bfc062723c751e8b465ee728b)
Start importing Assets/Resources/Sprites/VFX/vfx_gameClear 1.png using Guid(4ef8cfea061bbdb428655d178e3cabbb) Importer(815301076,1909f56bfc062723c751e8b465ee728b)  -> (artifact id: 'f4353808b050ec348622511c3c28a4f0') in 0.188771 seconds 
  Import took 0.197969 seconds .

========================================================================
Received Import Request.
  Time since last request: 37.174087 seconds.
  path: Assets/Resources/Sprites/VFX/vfx_gameClear.png
  artifactKey: Guid(4ef8cfea061bbdb428655d178e3cabbb) Importer(815301076,1909f56bfc062723c751e8b465ee728b)
Start importing Assets/Resources/Sprites/VFX/vfx_gameClear.png using Guid(4ef8cfea061bbdb428655d178e3cabbb) Importer(815301076,1909f56bfc062723c751e8b465ee728b)  -> (artifact id: '4d4eb1b8deb09b23994d1475f2e936fb') in 0.030924 seconds 
  Import took 0.039678 seconds .

========================================================================
Received Import Request.
  Time since last request: 15.923294 seconds.
  path: Assets/Resources/Sprites/VFX/vfx_gameClear.png
  artifactKey: Guid(4ef8cfea061bbdb428655d178e3cabbb) Importer(815301076,1909f56bfc062723c751e8b465ee728b)
Start importing Assets/Resources/Sprites/VFX/vfx_gameClear.png using Guid(4ef8cfea061bbdb428655d178e3cabbb) Importer(815301076,1909f56bfc062723c751e8b465ee728b)  -> (artifact id: '746bdb2714e2c71385f296d777947d6b') in 0.064353 seconds 
  Import took 0.113058 seconds .

========================================================================
Received Import Request.
  Time since last request: 14.126205 seconds.
  path: Assets/Resources/Sprites/VFX/vfx_gameClear.png
  artifactKey: Guid(4ef8cfea061bbdb428655d178e3cabbb) Importer(815301076,1909f56bfc062723c751e8b465ee728b)
Start importing Assets/Resources/Sprites/VFX/vfx_gameClear.png using Guid(4ef8cfea061bbdb428655d178e3cabbb) Importer(815301076,1909f56bfc062723c751e8b465ee728b)  -> (artifact id: '15c677bfeb2788822d43fa0f15112efc') in 1.611460 seconds 
  Import took 1.630146 seconds .

========================================================================
Received Import Request.
  Time since last request: 31.720978 seconds.
  path: Assets/Animations/VFX/vfx_gameClear.anim
  artifactKey: Guid(4bb06977031090d4a96c770f6b570d1e) Importer(815301076,1909f56bfc062723c751e8b465ee728b)
Start importing Assets/Animations/VFX/vfx_gameClear.anim using Guid(4bb06977031090d4a96c770f6b570d1e) Importer(815301076,1909f56bfc062723c751e8b465ee728b)  -> (artifact id: 'b8cfc87cdb73a9550ed45174ef9fdc5d') in 0.021405 seconds 
  Import took 0.031075 seconds .

========================================================================
Received Import Request.
  Time since last request: 1.108602 seconds.
  path: Assets/Animations/VFX/vfx_gameClear_0.controller
  artifactKey: Guid(32f35696d1fb8f4458d10db508194507) Importer(815301076,1909f56bfc062723c751e8b465ee728b)
Start importing Assets/Animations/VFX/vfx_gameClear_0.controller using Guid(32f35696d1fb8f4458d10db508194507) Importer(815301076,1909f56bfc062723c751e8b465ee728b)  -> (artifact id: '04e517cdf04d087d4dee2a15d3b3e278') in 0.015494 seconds 
  Import took 0.020512 seconds .

========================================================================
Received Import Request.
  Time since last request: 43.655415 seconds.
  path: Assets/Animations/VFX/vfx_gameClear.anim
  artifactKey: Guid(4bb06977031090d4a96c770f6b570d1e) Importer(815301076,1909f56bfc062723c751e8b465ee728b)
Start importing Assets/Animations/VFX/vfx_gameClear.anim using Guid(4bb06977031090d4a96c770f6b570d1e) Importer(815301076,1909f56bfc062723c751e8b465ee728b)  -> (artifact id: 'bfc209b7d3ade62841bf2e696260a8c7') in 0.009158 seconds 
  Import took 0.016459 seconds .

========================================================================
Received Import Request.
  Time since last request: 0.341038 seconds.
  path: Assets/Animations/VFX/vfx_gameClear_0 1.controller
  artifactKey: Guid(134b52105e2c2ab428084e307ef4dc46) Importer(815301076,1909f56bfc062723c751e8b465ee728b)
Start importing Assets/Animations/VFX/vfx_gameClear_0 1.controller using Guid(134b52105e2c2ab428084e307ef4dc46) Importer(815301076,1909f56bfc062723c751e8b465ee728b)  -> (artifact id: '2d5cd845d7bc9d76b5cf830e77601afd') in 0.012422 seconds 
  Import took 0.018172 seconds .

========================================================================
Received Import Request.
  Time since last request: 14.651693 seconds.
  path: Assets/Animations/VFX/vfx_gameClear.controller
  artifactKey: Guid(32f35696d1fb8f4458d10db508194507) Importer(815301076,1909f56bfc062723c751e8b465ee728b)
Start importing Assets/Animations/VFX/vfx_gameClear.controller using Guid(32f35696d1fb8f4458d10db508194507) Importer(815301076,1909f56bfc062723c751e8b465ee728b)  -> (artifact id: '329c817efb99919b3fffe8e2e92e59df') in 0.010090 seconds 
  Import took 0.017437 seconds .

========================================================================
Received Import Request.
  Time since last request: 109.977325 seconds.
  path: Assets/Resources/Sprites/VFX/vfx_gameClear.png
  artifactKey: Guid(4ef8cfea061bbdb428655d178e3cabbb) Importer(815301076,1909f56bfc062723c751e8b465ee728b)
Start importing Assets/Resources/Sprites/VFX/vfx_gameClear.png using Guid(4ef8cfea061bbdb428655d178e3cabbb) Importer(815301076,1909f56bfc062723c751e8b465ee728b)  -> (artifact id: '554d1bfbe7b37220d614ffc0ca480adc') in 0.254094 seconds 
  Import took 0.265135 seconds .

========================================================================
Received Import Request.
  Time since last request: 26.951813 seconds.
  path: Assets/Resources/Sprites/VFX/vfx_gameClear.png
  artifactKey: Guid(4ef8cfea061bbdb428655d178e3cabbb) Importer(815301076,1909f56bfc062723c751e8b465ee728b)
Start importing Assets/Resources/Sprites/VFX/vfx_gameClear.png using Guid(4ef8cfea061bbdb428655d178e3cabbb) Importer(815301076,1909f56bfc062723c751e8b465ee728b)  -> (artifact id: 'f0548d278d25b1e2f24b47a415b12fd2') in 0.276192 seconds 
  Import took 0.283777 seconds .

========================================================================
Received Prepare
Registering precompiled user dll's ...
Registered in 0.026885 seconds.
Begin MonoManager ReloadAssembly
Native extension for WindowsStandalone target not found
Native extension for WebGL target not found
Refreshing native plugins compatible for Editor in 0.81 ms, found 3 plugins.
Preloading 0 native plugins for Editor in 0.00 ms.
Mono: successfully reloaded assembly
- Completed reload, in  2.905 seconds
Domain Reload Profiling:
	ReloadAssembly (2906ms)
		BeginReloadAssembly (389ms)
			ExecutionOrderSort (0ms)
			DisableScriptedObjects (19ms)
			BackupInstance (0ms)
			ReleaseScriptingObjects (0ms)
			CreateAndSetChildDomain (102ms)
		EndReloadAssembly (2325ms)
			LoadAssemblies (355ms)
			RebuildTransferFunctionScriptingTraits (0ms)
			SetupTypeCache (772ms)
			ReleaseScriptCaches (2ms)
			RebuildScriptCaches (104ms)
			SetupLoadedEditorAssemblies (893ms)
				LogAssemblyErrors (0ms)
				InitializePlatformSupportModulesInManaged (16ms)
				SetLoadedEditorAssemblies (1ms)
				RefreshPlugins (1ms)
				BeforeProcessingInitializeOnLoad (272ms)
				ProcessInitializeOnLoadAttributes (534ms)
				ProcessInitializeOnLoadMethodAttributes (27ms)
				AfterProcessingInitializeOnLoad (41ms)
				EditorAssembliesLoaded (0ms)
			ExecutionOrderSort2 (0ms)
			AwakeInstancesAfterBackupRestoration (23ms)
Platform modules already initialized, skipping
Refreshing native plugins compatible for Editor in 0.88 ms, found 3 plugins.
Preloading 0 native plugins for Editor in 0.00 ms.
Unloading 2188 Unused Serialized files (Serialized files now loaded: 0)
System memory in use before: 101.8 MB.
System memory in use after: 101.9 MB.

Unloading 17 unused Assets to reduce memory usage. Loaded Objects now: 2682.
Total: 5.965200 ms (FindLiveObjects: 0.398100 ms CreateObjectMapping: 0.447300 ms MarkObjects: 5.077400 ms  DeleteObjects: 0.037000 ms)

AssetImportParameters requested are different than current active one (requested -> active):
  custom:framework-win-MediaFoundation: 216162199b28c13a410421893ffa2e32 -> 
  custom:video-decoder-ogg-theora: a1e56fd34408186e4bbccfd4996cb3dc -> 
  custom:container-muxer-webm: aa71ff27fc2769a1b78a27578f13a17b -> 
  custom:container-demuxer-webm: 4f35f7cbe854078d1ac9338744f61a02 -> 
  custom:container-demuxer-ogg: 62fdf1f143b41e24485cea50d1cbac27 -> 
  custom:video-encoder-webm-vp8: eb34c28f22e8b96e1ab97ce403110664 -> 
  custom:video-codec-MediaFoundation-h265: 746d11721c4dcdbdad8f713fa42b33f4 -> 
  custom:video-decoder-webm-vp8: 9c59270c3fd7afecdb556c50c9e8de78 -> 
  custom:audio-decoder-ogg-vorbis: bf7c407c2cedff20999df2af8eb42d56 -> 
  custom:audio-encoder-webm-vorbis: bf7c407c2cedff20999df2af8eb42d56 -> 
========================================================================
Received Prepare
Registering precompiled user dll's ...
Registered in 0.030053 seconds.
Begin MonoManager ReloadAssembly
Native extension for WindowsStandalone target not found
Native extension for WebGL target not found
Refreshing native plugins compatible for Editor in 1.30 ms, found 3 plugins.
Preloading 0 native plugins for Editor in 0.00 ms.
Mono: successfully reloaded assembly
- Completed reload, in  2.774 seconds
Domain Reload Profiling:
	ReloadAssembly (2774ms)
		BeginReloadAssembly (314ms)
			ExecutionOrderSort (0ms)
			DisableScriptedObjects (14ms)
			BackupInstance (0ms)
			ReleaseScriptingObjects (0ms)
			CreateAndSetChildDomain (74ms)
		EndReloadAssembly (2267ms)
			LoadAssemblies (339ms)
			RebuildTransferFunctionScriptingTraits (0ms)
			SetupTypeCache (777ms)
			ReleaseScriptCaches (4ms)
			RebuildScriptCaches (126ms)
			SetupLoadedEditorAssemblies (825ms)
				LogAssemblyErrors (0ms)
				InitializePlatformSupportModulesInManaged (15ms)
				SetLoadedEditorAssemblies (1ms)
				RefreshPlugins (1ms)
				BeforeProcessingInitializeOnLoad (325ms)
				ProcessInitializeOnLoadAttributes (417ms)
				ProcessInitializeOnLoadMethodAttributes (31ms)
				AfterProcessingInitializeOnLoad (35ms)
				EditorAssembliesLoaded (0ms)
			ExecutionOrderSort2 (0ms)
			AwakeInstancesAfterBackupRestoration (18ms)
Platform modules already initialized, skipping
Refreshing native plugins compatible for Editor in 1.62 ms, found 3 plugins.
Preloading 0 native plugins for Editor in 0.00 ms.
Unloading 2188 Unused Serialized files (Serialized files now loaded: 0)
System memory in use before: 101.8 MB.
System memory in use after: 101.9 MB.

Unloading 17 unused Assets to reduce memory usage. Loaded Objects now: 2684.
Total: 5.456900 ms (FindLiveObjects: 0.488800 ms CreateObjectMapping: 0.168300 ms MarkObjects: 4.661200 ms  DeleteObjects: 0.136800 ms)

AssetImportParameters requested are different than current active one (requested -> active):
  custom:framework-win-MediaFoundation: 216162199b28c13a410421893ffa2e32 -> 
  custom:video-decoder-ogg-theora: a1e56fd34408186e4bbccfd4996cb3dc -> 
  custom:container-muxer-webm: aa71ff27fc2769a1b78a27578f13a17b -> 
  custom:container-demuxer-webm: 4f35f7cbe854078d1ac9338744f61a02 -> 
  custom:container-demuxer-ogg: 62fdf1f143b41e24485cea50d1cbac27 -> 
  custom:video-encoder-webm-vp8: eb34c28f22e8b96e1ab97ce403110664 -> 
  custom:video-codec-MediaFoundation-h265: 746d11721c4dcdbdad8f713fa42b33f4 -> 
  custom:video-decoder-webm-vp8: 9c59270c3fd7afecdb556c50c9e8de78 -> 
  custom:audio-decoder-ogg-vorbis: bf7c407c2cedff20999df2af8eb42d56 -> 
  custom:audio-encoder-webm-vorbis: bf7c407c2cedff20999df2af8eb42d56 -> 
========================================================================
Received Prepare
Registering precompiled user dll's ...
Registered in 0.016573 seconds.
Begin MonoManager ReloadAssembly
Native extension for WindowsStandalone target not found
Native extension for WebGL target not found
Refreshing native plugins compatible for Editor in 0.91 ms, found 3 plugins.
Preloading 0 native plugins for Editor in 0.00 ms.
Mono: successfully reloaded assembly
- Completed reload, in  2.113 seconds
Domain Reload Profiling:
	ReloadAssembly (2114ms)
		BeginReloadAssembly (211ms)
			ExecutionOrderSort (0ms)
			DisableScriptedObjects (10ms)
			BackupInstance (0ms)
			ReleaseScriptingObjects (0ms)
			CreateAndSetChildDomain (48ms)
		EndReloadAssembly (1763ms)
			LoadAssemblies (220ms)
			RebuildTransferFunctionScriptingTraits (0ms)
			SetupTypeCache (489ms)
			ReleaseScriptCaches (59ms)
			RebuildScriptCaches (77ms)
			SetupLoadedEditorAssemblies (724ms)
				LogAssemblyErrors (0ms)
				InitializePlatformSupportModulesInManaged (11ms)
				SetLoadedEditorAssemblies (1ms)
				RefreshPlugins (1ms)
				BeforeProcessingInitializeOnLoad (194ms)
				ProcessInitializeOnLoadAttributes (460ms)
				ProcessInitializeOnLoadMethodAttributes (23ms)
				AfterProcessingInitializeOnLoad (34ms)
				EditorAssembliesLoaded (0ms)
			ExecutionOrderSort2 (0ms)
			AwakeInstancesAfterBackupRestoration (20ms)
Platform modules already initialized, skipping
Refreshing native plugins compatible for Editor in 1.11 ms, found 3 plugins.
Preloading 0 native plugins for Editor in 0.00 ms.
Unloading 2188 Unused Serialized files (Serialized files now loaded: 0)
System memory in use before: 101.8 MB.
System memory in use after: 102.0 MB.

Unloading 17 unused Assets to reduce memory usage. Loaded Objects now: 2686.
Total: 4.722400 ms (FindLiveObjects: 0.253100 ms CreateObjectMapping: 0.115700 ms MarkObjects: 4.318400 ms  DeleteObjects: 0.033400 ms)

AssetImportParameters requested are different than current active one (requested -> active):
  custom:framework-win-MediaFoundation: 216162199b28c13a410421893ffa2e32 -> 
  custom:video-decoder-ogg-theora: a1e56fd34408186e4bbccfd4996cb3dc -> 
  custom:container-muxer-webm: aa71ff27fc2769a1b78a27578f13a17b -> 
  custom:container-demuxer-webm: 4f35f7cbe854078d1ac9338744f61a02 -> 
  custom:container-demuxer-ogg: 62fdf1f143b41e24485cea50d1cbac27 -> 
  custom:video-encoder-webm-vp8: eb34c28f22e8b96e1ab97ce403110664 -> 
  custom:video-codec-MediaFoundation-h265: 746d11721c4dcdbdad8f713fa42b33f4 -> 
  custom:video-decoder-webm-vp8: 9c59270c3fd7afecdb556c50c9e8de78 -> 
  custom:audio-decoder-ogg-vorbis: bf7c407c2cedff20999df2af8eb42d56 -> 
  custom:audio-encoder-webm-vorbis: bf7c407c2cedff20999df2af8eb42d56 -> 
========================================================================
Received Prepare
Registering precompiled user dll's ...
Registered in 0.017680 seconds.
Begin MonoManager ReloadAssembly
Native extension for WindowsStandalone target not found
Native extension for WebGL target not found
Refreshing native plugins compatible for Editor in 0.85 ms, found 3 plugins.
Preloading 0 native plugins for Editor in 0.00 ms.
Mono: successfully reloaded assembly
- Completed reload, in  1.824 seconds
Domain Reload Profiling:
	ReloadAssembly (1824ms)
		BeginReloadAssembly (229ms)
			ExecutionOrderSort (0ms)
			DisableScriptedObjects (13ms)
			BackupInstance (0ms)
			ReleaseScriptingObjects (0ms)
			CreateAndSetChildDomain (75ms)
		EndReloadAssembly (1476ms)
			LoadAssemblies (166ms)
			RebuildTransferFunctionScriptingTraits (0ms)
			SetupTypeCache (476ms)
			ReleaseScriptCaches (2ms)
			RebuildScriptCaches (54ms)
			SetupLoadedEditorAssemblies (600ms)
				LogAssemblyErrors (0ms)
				InitializePlatformSupportModulesInManaged (10ms)
				SetLoadedEditorAssemblies (1ms)
				RefreshPlugins (1ms)
				BeforeProcessingInitializeOnLoad (180ms)
				ProcessInitializeOnLoadAttributes (352ms)
				ProcessInitializeOnLoadMethodAttributes (20ms)
				AfterProcessingInitializeOnLoad (36ms)
				EditorAssembliesLoaded (0ms)
			ExecutionOrderSort2 (0ms)
			AwakeInstancesAfterBackupRestoration (12ms)
Platform modules already initialized, skipping
Refreshing native plugins compatible for Editor in 0.77 ms, found 3 plugins.
Preloading 0 native plugins for Editor in 0.00 ms.
Unloading 2188 Unused Serialized files (Serialized files now loaded: 0)
System memory in use before: 101.8 MB.
System memory in use after: 102.0 MB.

Unloading 17 unused Assets to reduce memory usage. Loaded Objects now: 2688.
Total: 3.938400 ms (FindLiveObjects: 0.263400 ms CreateObjectMapping: 0.090600 ms MarkObjects: 3.541000 ms  DeleteObjects: 0.042300 ms)

AssetImportParameters requested are different than current active one (requested -> active):
  custom:framework-win-MediaFoundation: 216162199b28c13a410421893ffa2e32 -> 
  custom:video-decoder-ogg-theora: a1e56fd34408186e4bbccfd4996cb3dc -> 
  custom:container-muxer-webm: aa71ff27fc2769a1b78a27578f13a17b -> 
  custom:container-demuxer-webm: 4f35f7cbe854078d1ac9338744f61a02 -> 
  custom:container-demuxer-ogg: 62fdf1f143b41e24485cea50d1cbac27 -> 
  custom:video-encoder-webm-vp8: eb34c28f22e8b96e1ab97ce403110664 -> 
  custom:video-codec-MediaFoundation-h265: 746d11721c4dcdbdad8f713fa42b33f4 -> 
  custom:video-decoder-webm-vp8: 9c59270c3fd7afecdb556c50c9e8de78 -> 
  custom:audio-decoder-ogg-vorbis: bf7c407c2cedff20999df2af8eb42d56 -> 
  custom:audio-encoder-webm-vorbis: bf7c407c2cedff20999df2af8eb42d56 -> 
========================================================================
Received Prepare
Registering precompiled user dll's ...
Registered in 0.012645 seconds.
Begin MonoManager ReloadAssembly
Native extension for WindowsStandalone target not found
Native extension for WebGL target not found
Refreshing native plugins compatible for Editor in 1.04 ms, found 3 plugins.
Preloading 0 native plugins for Editor in 0.00 ms.
Mono: successfully reloaded assembly
- Completed reload, in  1.953 seconds
Domain Reload Profiling:
	ReloadAssembly (1954ms)
		BeginReloadAssembly (338ms)
			ExecutionOrderSort (0ms)
			DisableScriptedObjects (15ms)
			BackupInstance (0ms)
			ReleaseScriptingObjects (0ms)
			CreateAndSetChildDomain (64ms)
		EndReloadAssembly (1454ms)
			LoadAssemblies (262ms)
			RebuildTransferFunctionScriptingTraits (0ms)
			SetupTypeCache (440ms)
			ReleaseScriptCaches (1ms)
			RebuildScriptCaches (60ms)
			SetupLoadedEditorAssemblies (592ms)
				LogAssemblyErrors (0ms)
				InitializePlatformSupportModulesInManaged (9ms)
				SetLoadedEditorAssemblies (1ms)
				RefreshPlugins (1ms)
				BeforeProcessingInitializeOnLoad (181ms)
				ProcessInitializeOnLoadAttributes (336ms)
				ProcessInitializeOnLoadMethodAttributes (22ms)
				AfterProcessingInitializeOnLoad (42ms)
				EditorAssembliesLoaded (0ms)
			ExecutionOrderSort2 (0ms)
			AwakeInstancesAfterBackupRestoration (15ms)
Platform modules already initialized, skipping
Refreshing native plugins compatible for Editor in 0.65 ms, found 3 plugins.
Preloading 0 native plugins for Editor in 0.00 ms.
Unloading 2188 Unused Serialized files (Serialized files now loaded: 0)
System memory in use before: 101.8 MB.
System memory in use after: 102.0 MB.

Unloading 17 unused Assets to reduce memory usage. Loaded Objects now: 2690.
Total: 3.940500 ms (FindLiveObjects: 0.241700 ms CreateObjectMapping: 0.109700 ms MarkObjects: 3.544400 ms  DeleteObjects: 0.043200 ms)

AssetImportParameters requested are different than current active one (requested -> active):
  custom:framework-win-MediaFoundation: 216162199b28c13a410421893ffa2e32 -> 
  custom:video-decoder-ogg-theora: a1e56fd34408186e4bbccfd4996cb3dc -> 
  custom:container-muxer-webm: aa71ff27fc2769a1b78a27578f13a17b -> 
  custom:container-demuxer-webm: 4f35f7cbe854078d1ac9338744f61a02 -> 
  custom:container-demuxer-ogg: 62fdf1f143b41e24485cea50d1cbac27 -> 
  custom:video-encoder-webm-vp8: eb34c28f22e8b96e1ab97ce403110664 -> 
  custom:video-codec-MediaFoundation-h265: 746d11721c4dcdbdad8f713fa42b33f4 -> 
  custom:video-decoder-webm-vp8: 9c59270c3fd7afecdb556c50c9e8de78 -> 
  custom:audio-decoder-ogg-vorbis: bf7c407c2cedff20999df2af8eb42d56 -> 
  custom:audio-encoder-webm-vorbis: bf7c407c2cedff20999df2af8eb42d56 -> 
========================================================================
Received Prepare
Registering precompiled user dll's ...
Registered in 0.022642 seconds.
Begin MonoManager ReloadAssembly
Native extension for WindowsStandalone target not found
Native extension for WebGL target not found
Refreshing native plugins compatible for Editor in 0.68 ms, found 3 plugins.
Preloading 0 native plugins for Editor in 0.00 ms.
Mono: successfully reloaded assembly
- Completed reload, in  2.287 seconds
Domain Reload Profiling:
	ReloadAssembly (2288ms)
		BeginReloadAssembly (338ms)
			ExecutionOrderSort (0ms)
			DisableScriptedObjects (17ms)
			BackupInstance (0ms)
			ReleaseScriptingObjects (0ms)
			CreateAndSetChildDomain (75ms)
		EndReloadAssembly (1713ms)
			LoadAssemblies (326ms)
			RebuildTransferFunctionScriptingTraits (0ms)
			SetupTypeCache (728ms)
			ReleaseScriptCaches (1ms)
			RebuildScriptCaches (100ms)
			SetupLoadedEditorAssemblies (476ms)
				LogAssemblyErrors (0ms)
				InitializePlatformSupportModulesInManaged (9ms)
				SetLoadedEditorAssemblies (1ms)
				RefreshPlugins (1ms)
				BeforeProcessingInitializeOnLoad (146ms)
				ProcessInitializeOnLoadAttributes (271ms)
				ProcessInitializeOnLoadMethodAttributes (15ms)
				AfterProcessingInitializeOnLoad (33ms)
				EditorAssembliesLoaded (0ms)
			ExecutionOrderSort2 (0ms)
			AwakeInstancesAfterBackupRestoration (11ms)
Platform modules already initialized, skipping
Refreshing native plugins compatible for Editor in 0.56 ms, found 3 plugins.
Preloading 0 native plugins for Editor in 0.00 ms.
Unloading 2188 Unused Serialized files (Serialized files now loaded: 0)
System memory in use before: 101.8 MB.
System memory in use after: 102.0 MB.

Unloading 17 unused Assets to reduce memory usage. Loaded Objects now: 2692.
Total: 4.031100 ms (FindLiveObjects: 0.238600 ms CreateObjectMapping: 0.100900 ms MarkObjects: 3.640600 ms  DeleteObjects: 0.049600 ms)

AssetImportParameters requested are different than current active one (requested -> active):
  custom:framework-win-MediaFoundation: 216162199b28c13a410421893ffa2e32 -> 
  custom:video-decoder-ogg-theora: a1e56fd34408186e4bbccfd4996cb3dc -> 
  custom:container-muxer-webm: aa71ff27fc2769a1b78a27578f13a17b -> 
  custom:container-demuxer-webm: 4f35f7cbe854078d1ac9338744f61a02 -> 
  custom:container-demuxer-ogg: 62fdf1f143b41e24485cea50d1cbac27 -> 
  custom:video-encoder-webm-vp8: eb34c28f22e8b96e1ab97ce403110664 -> 
  custom:video-codec-MediaFoundation-h265: 746d11721c4dcdbdad8f713fa42b33f4 -> 
  custom:video-decoder-webm-vp8: 9c59270c3fd7afecdb556c50c9e8de78 -> 
  custom:audio-decoder-ogg-vorbis: bf7c407c2cedff20999df2af8eb42d56 -> 
  custom:audio-encoder-webm-vorbis: bf7c407c2cedff20999df2af8eb42d56 -> 
========================================================================
Received Prepare
Registering precompiled user dll's ...
Registered in 0.026466 seconds.
Begin MonoManager ReloadAssembly
Native extension for WindowsStandalone target not found
Native extension for WebGL target not found
Refreshing native plugins compatible for Editor in 0.73 ms, found 3 plugins.
Preloading 0 native plugins for Editor in 0.00 ms.
Mono: successfully reloaded assembly
- Completed reload, in  1.704 seconds
Domain Reload Profiling:
	ReloadAssembly (1705ms)
		BeginReloadAssembly (273ms)
			ExecutionOrderSort (0ms)
			DisableScriptedObjects (13ms)
			BackupInstance (0ms)
			ReleaseScriptingObjects (0ms)
			CreateAndSetChildDomain (48ms)
		EndReloadAssembly (1295ms)
			LoadAssemblies (258ms)
			RebuildTransferFunctionScriptingTraits (0ms)
			SetupTypeCache (461ms)
			ReleaseScriptCaches (1ms)
			RebuildScriptCaches (53ms)
			SetupLoadedEditorAssemblies (471ms)
				LogAssemblyErrors (0ms)
				InitializePlatformSupportModulesInManaged (12ms)
				SetLoadedEditorAssemblies (3ms)
				RefreshPlugins (1ms)
				BeforeProcessingInitializeOnLoad (152ms)
				ProcessInitializeOnLoadAttributes (256ms)
				ProcessInitializeOnLoadMethodAttributes (16ms)
				AfterProcessingInitializeOnLoad (32ms)
				EditorAssembliesLoaded (0ms)
			ExecutionOrderSort2 (0ms)
			AwakeInstancesAfterBackupRestoration (10ms)
Platform modules already initialized, skipping
Refreshing native plugins compatible for Editor in 0.64 ms, found 3 plugins.
Preloading 0 native plugins for Editor in 0.00 ms.
Unloading 2188 Unused Serialized files (Serialized files now loaded: 0)
System memory in use before: 101.9 MB.
System memory in use after: 102.0 MB.

Unloading 17 unused Assets to reduce memory usage. Loaded Objects now: 2694.
Total: 4.854400 ms (FindLiveObjects: 0.326300 ms CreateObjectMapping: 0.105500 ms MarkObjects: 4.221000 ms  DeleteObjects: 0.200300 ms)

AssetImportParameters requested are different than current active one (requested -> active):
  custom:framework-win-MediaFoundation: 216162199b28c13a410421893ffa2e32 -> 
  custom:video-decoder-ogg-theora: a1e56fd34408186e4bbccfd4996cb3dc -> 
  custom:container-muxer-webm: aa71ff27fc2769a1b78a27578f13a17b -> 
  custom:container-demuxer-webm: 4f35f7cbe854078d1ac9338744f61a02 -> 
  custom:container-demuxer-ogg: 62fdf1f143b41e24485cea50d1cbac27 -> 
  custom:video-encoder-webm-vp8: eb34c28f22e8b96e1ab97ce403110664 -> 
  custom:video-codec-MediaFoundation-h265: 746d11721c4dcdbdad8f713fa42b33f4 -> 
  custom:video-decoder-webm-vp8: 9c59270c3fd7afecdb556c50c9e8de78 -> 
  custom:audio-decoder-ogg-vorbis: bf7c407c2cedff20999df2af8eb42d56 -> 
  custom:audio-encoder-webm-vorbis: bf7c407c2cedff20999df2af8eb42d56 -> 
========================================================================
Received Prepare
Registering precompiled user dll's ...
Registered in 0.020514 seconds.
Begin MonoManager ReloadAssembly
Native extension for WindowsStandalone target not found
Native extension for WebGL target not found
Refreshing native plugins compatible for Editor in 0.58 ms, found 3 plugins.
Preloading 0 native plugins for Editor in 0.00 ms.
Mono: successfully reloaded assembly
- Completed reload, in  1.810 seconds
Domain Reload Profiling:
	ReloadAssembly (1811ms)
		BeginReloadAssembly (352ms)
			ExecutionOrderSort (0ms)
			DisableScriptedObjects (10ms)
			BackupInstance (0ms)
			ReleaseScriptingObjects (0ms)
			CreateAndSetChildDomain (108ms)
		EndReloadAssembly (1322ms)
			LoadAssemblies (260ms)
			RebuildTransferFunctionScriptingTraits (0ms)
			SetupTypeCache (420ms)
			ReleaseScriptCaches (1ms)
			RebuildScriptCaches (63ms)
			SetupLoadedEditorAssemblies (500ms)
				LogAssemblyErrors (0ms)
				InitializePlatformSupportModulesInManaged (7ms)
				SetLoadedEditorAssemblies (1ms)
				RefreshPlugins (1ms)
				BeforeProcessingInitializeOnLoad (144ms)
				ProcessInitializeOnLoadAttributes (290ms)
				ProcessInitializeOnLoadMethodAttributes (18ms)
				AfterProcessingInitializeOnLoad (39ms)
				EditorAssembliesLoaded (0ms)
			ExecutionOrderSort2 (0ms)
			AwakeInstancesAfterBackupRestoration (14ms)
Platform modules already initialized, skipping
Refreshing native plugins compatible for Editor in 0.63 ms, found 3 plugins.
Preloading 0 native plugins for Editor in 0.00 ms.
Unloading 2188 Unused Serialized files (Serialized files now loaded: 0)
System memory in use before: 101.9 MB.
System memory in use after: 102.0 MB.

Unloading 17 unused Assets to reduce memory usage. Loaded Objects now: 2696.
Total: 4.839100 ms (FindLiveObjects: 0.655300 ms CreateObjectMapping: 0.321700 ms MarkObjects: 3.797400 ms  DeleteObjects: 0.062500 ms)

AssetImportParameters requested are different than current active one (requested -> active):
  custom:framework-win-MediaFoundation: 216162199b28c13a410421893ffa2e32 -> 
  custom:video-decoder-ogg-theora: a1e56fd34408186e4bbccfd4996cb3dc -> 
  custom:container-muxer-webm: aa71ff27fc2769a1b78a27578f13a17b -> 
  custom:container-demuxer-webm: 4f35f7cbe854078d1ac9338744f61a02 -> 
  custom:container-demuxer-ogg: 62fdf1f143b41e24485cea50d1cbac27 -> 
  custom:video-encoder-webm-vp8: eb34c28f22e8b96e1ab97ce403110664 -> 
  custom:video-codec-MediaFoundation-h265: 746d11721c4dcdbdad8f713fa42b33f4 -> 
  custom:video-decoder-webm-vp8: 9c59270c3fd7afecdb556c50c9e8de78 -> 
  custom:audio-decoder-ogg-vorbis: bf7c407c2cedff20999df2af8eb42d56 -> 
  custom:audio-encoder-webm-vorbis: bf7c407c2cedff20999df2af8eb42d56 -> 
========================================================================
Received Prepare
Registering precompiled user dll's ...
Registered in 0.012582 seconds.
Begin MonoManager ReloadAssembly
Native extension for WindowsStandalone target not found
Native extension for WebGL target not found
Refreshing native plugins compatible for Editor in 0.60 ms, found 3 plugins.
Preloading 0 native plugins for Editor in 0.00 ms.
Mono: successfully reloaded assembly
- Completed reload, in  1.745 seconds
Domain Reload Profiling:
	ReloadAssembly (1746ms)
		BeginReloadAssembly (317ms)
			ExecutionOrderSort (0ms)
			DisableScriptedObjects (12ms)
			BackupInstance (0ms)
			ReleaseScriptingObjects (0ms)
			CreateAndSetChildDomain (47ms)
		EndReloadAssembly (1303ms)
			LoadAssemblies (297ms)
			RebuildTransferFunctionScriptingTraits (0ms)
			SetupTypeCache (478ms)
			ReleaseScriptCaches (1ms)
			RebuildScriptCaches (53ms)
			SetupLoadedEditorAssemblies (462ms)
				LogAssemblyErrors (0ms)
				InitializePlatformSupportModulesInManaged (9ms)
				SetLoadedEditorAssemblies (1ms)
				RefreshPlugins (1ms)
				BeforeProcessingInitializeOnLoad (149ms)
				ProcessInitializeOnLoadAttributes (251ms)
				ProcessInitializeOnLoadMethodAttributes (15ms)
				AfterProcessingInitializeOnLoad (35ms)
				EditorAssembliesLoaded (0ms)
			ExecutionOrderSort2 (0ms)
			AwakeInstancesAfterBackupRestoration (13ms)
Platform modules already initialized, skipping
Refreshing native plugins compatible for Editor in 0.51 ms, found 3 plugins.
Preloading 0 native plugins for Editor in 0.00 ms.
Unloading 2188 Unused Serialized files (Serialized files now loaded: 0)
System memory in use before: 101.9 MB.
System memory in use after: 102.0 MB.

Unloading 17 unused Assets to reduce memory usage. Loaded Objects now: 2698.
Total: 3.829300 ms (FindLiveObjects: 0.254400 ms CreateObjectMapping: 0.083300 ms MarkObjects: 3.463100 ms  DeleteObjects: 0.027400 ms)

AssetImportParameters requested are different than current active one (requested -> active):
  custom:framework-win-MediaFoundation: 216162199b28c13a410421893ffa2e32 -> 
  custom:video-decoder-ogg-theora: a1e56fd34408186e4bbccfd4996cb3dc -> 
  custom:container-muxer-webm: aa71ff27fc2769a1b78a27578f13a17b -> 
  custom:container-demuxer-webm: 4f35f7cbe854078d1ac9338744f61a02 -> 
  custom:container-demuxer-ogg: 62fdf1f143b41e24485cea50d1cbac27 -> 
  custom:video-encoder-webm-vp8: eb34c28f22e8b96e1ab97ce403110664 -> 
  custom:video-codec-MediaFoundation-h265: 746d11721c4dcdbdad8f713fa42b33f4 -> 
  custom:video-decoder-webm-vp8: 9c59270c3fd7afecdb556c50c9e8de78 -> 
  custom:audio-decoder-ogg-vorbis: bf7c407c2cedff20999df2af8eb42d56 -> 
  custom:audio-encoder-webm-vorbis: bf7c407c2cedff20999df2af8eb42d56 -> 
========================================================================
Received Prepare
Registering precompiled user dll's ...
Registered in 0.013472 seconds.
Begin MonoManager ReloadAssembly
Native extension for WindowsStandalone target not found
Native extension for WebGL target not found
Refreshing native plugins compatible for Editor in 0.58 ms, found 3 plugins.
Preloading 0 native plugins for Editor in 0.00 ms.
Mono: successfully reloaded assembly
- Completed reload, in  2.071 seconds
Domain Reload Profiling:
	ReloadAssembly (2072ms)
		BeginReloadAssembly (353ms)
			ExecutionOrderSort (0ms)
			DisableScriptedObjects (8ms)
			BackupInstance (0ms)
			ReleaseScriptingObjects (0ms)
			CreateAndSetChildDomain (95ms)
		EndReloadAssembly (1599ms)
			LoadAssemblies (268ms)
			RebuildTransferFunctionScriptingTraits (0ms)
			SetupTypeCache (478ms)
			ReleaseScriptCaches (2ms)
			RebuildScriptCaches (68ms)
			SetupLoadedEditorAssemblies (670ms)
				LogAssemblyErrors (0ms)
				InitializePlatformSupportModulesInManaged (11ms)
				SetLoadedEditorAssemblies (1ms)
				RefreshPlugins (1ms)
				BeforeProcessingInitializeOnLoad (154ms)
				ProcessInitializeOnLoadAttributes (459ms)
				ProcessInitializeOnLoadMethodAttributes (17ms)
				AfterProcessingInitializeOnLoad (27ms)
				EditorAssembliesLoaded (0ms)
			ExecutionOrderSort2 (0ms)
			AwakeInstancesAfterBackupRestoration (15ms)
Platform modules already initialized, skipping
Refreshing native plugins compatible for Editor in 0.69 ms, found 3 plugins.
Preloading 0 native plugins for Editor in 0.00 ms.
Unloading 2188 Unused Serialized files (Serialized files now loaded: 0)
System memory in use before: 101.9 MB.
System memory in use after: 102.0 MB.

Unloading 17 unused Assets to reduce memory usage. Loaded Objects now: 2700.
Total: 5.772600 ms (FindLiveObjects: 0.426000 ms CreateObjectMapping: 0.219000 ms MarkObjects: 5.090700 ms  DeleteObjects: 0.034800 ms)

AssetImportParameters requested are different than current active one (requested -> active):
  custom:framework-win-MediaFoundation: 216162199b28c13a410421893ffa2e32 -> 
  custom:video-decoder-ogg-theora: a1e56fd34408186e4bbccfd4996cb3dc -> 
  custom:container-muxer-webm: aa71ff27fc2769a1b78a27578f13a17b -> 
  custom:container-demuxer-webm: 4f35f7cbe854078d1ac9338744f61a02 -> 
  custom:container-demuxer-ogg: 62fdf1f143b41e24485cea50d1cbac27 -> 
  custom:video-encoder-webm-vp8: eb34c28f22e8b96e1ab97ce403110664 -> 
  custom:video-codec-MediaFoundation-h265: 746d11721c4dcdbdad8f713fa42b33f4 -> 
  custom:video-decoder-webm-vp8: 9c59270c3fd7afecdb556c50c9e8de78 -> 
  custom:audio-decoder-ogg-vorbis: bf7c407c2cedff20999df2af8eb42d56 -> 
  custom:audio-encoder-webm-vorbis: bf7c407c2cedff20999df2af8eb42d56 -> 
========================================================================
Received Prepare
Registering precompiled user dll's ...
Registered in 0.027324 seconds.
Begin MonoManager ReloadAssembly
Native extension for WindowsStandalone target not found
Native extension for WebGL target not found
Refreshing native plugins compatible for Editor in 0.89 ms, found 3 plugins.
Preloading 0 native plugins for Editor in 0.00 ms.
Mono: successfully reloaded assembly
- Completed reload, in  2.692 seconds
Domain Reload Profiling:
	ReloadAssembly (2693ms)
		BeginReloadAssembly (304ms)
			ExecutionOrderSort (0ms)
			DisableScriptedObjects (16ms)
			BackupInstance (0ms)
			ReleaseScriptingObjects (0ms)
			CreateAndSetChildDomain (70ms)
		EndReloadAssembly (2207ms)
			LoadAssemblies (299ms)
			RebuildTransferFunctionScriptingTraits (0ms)
			SetupTypeCache (736ms)
			ReleaseScriptCaches (2ms)
			RebuildScriptCaches (97ms)
			SetupLoadedEditorAssemblies (852ms)
				LogAssemblyErrors (0ms)
				InitializePlatformSupportModulesInManaged (16ms)
				SetLoadedEditorAssemblies (1ms)
				RefreshPlugins (1ms)
				BeforeProcessingInitializeOnLoad (245ms)
				ProcessInitializeOnLoadAttributes (518ms)
				ProcessInitializeOnLoadMethodAttributes (29ms)
				AfterProcessingInitializeOnLoad (42ms)
				EditorAssembliesLoaded (1ms)
			ExecutionOrderSort2 (0ms)
			AwakeInstancesAfterBackupRestoration (27ms)
Platform modules already initialized, skipping
Refreshing native plugins compatible for Editor in 1.80 ms, found 3 plugins.
Preloading 0 native plugins for Editor in 0.00 ms.
Unloading 2188 Unused Serialized files (Serialized files now loaded: 0)
System memory in use before: 101.9 MB.
System memory in use after: 102.0 MB.

Unloading 17 unused Assets to reduce memory usage. Loaded Objects now: 2702.
Total: 7.537900 ms (FindLiveObjects: 0.301400 ms CreateObjectMapping: 0.159300 ms MarkObjects: 7.032700 ms  DeleteObjects: 0.042400 ms)

AssetImportParameters requested are different than current active one (requested -> active):
  custom:framework-win-MediaFoundation: 216162199b28c13a410421893ffa2e32 -> 
  custom:video-decoder-ogg-theora: a1e56fd34408186e4bbccfd4996cb3dc -> 
  custom:container-muxer-webm: aa71ff27fc2769a1b78a27578f13a17b -> 
  custom:container-demuxer-webm: 4f35f7cbe854078d1ac9338744f61a02 -> 
  custom:container-demuxer-ogg: 62fdf1f143b41e24485cea50d1cbac27 -> 
  custom:video-encoder-webm-vp8: eb34c28f22e8b96e1ab97ce403110664 -> 
  custom:video-codec-MediaFoundation-h265: 746d11721c4dcdbdad8f713fa42b33f4 -> 
  custom:video-decoder-webm-vp8: 9c59270c3fd7afecdb556c50c9e8de78 -> 
  custom:audio-decoder-ogg-vorbis: bf7c407c2cedff20999df2af8eb42d56 -> 
  custom:audio-encoder-webm-vorbis: bf7c407c2cedff20999df2af8eb42d56 -> 
========================================================================
Received Import Request.
  Time since last request: 957.449643 seconds.
  path: Assets/Animations/VFX/vfx_gameClear.controller
  artifactKey: Guid(32f35696d1fb8f4458d10db508194507) Importer(815301076,1909f56bfc062723c751e8b465ee728b)
Start importing Assets/Animations/VFX/vfx_gameClear.controller using Guid(32f35696d1fb8f4458d10db508194507) Importer(815301076,1909f56bfc062723c751e8b465ee728b)  -> (artifact id: 'c424ac19c51a183108c375dac96f1c02') in 0.034504 seconds 
  Import took 0.042378 seconds .

========================================================================
Received Import Request.
  Time since last request: 77.255690 seconds.
  path: Assets/Animations/VFX/vfx_gameClear.anim
  artifactKey: Guid(4bb06977031090d4a96c770f6b570d1e) Importer(815301076,1909f56bfc062723c751e8b465ee728b)
Start importing Assets/Animations/VFX/vfx_gameClear.anim using Guid(4bb06977031090d4a96c770f6b570d1e) Importer(815301076,1909f56bfc062723c751e8b465ee728b)  -> (artifact id: '0be3ce768a67e9a40bc715e01ce52d79') in 0.012144 seconds 
  Import took 0.021540 seconds .

========================================================================
Received Import Request.
  Time since last request: 1.494626 seconds.
  path: Assets/Animations/VFX/vfx_gameClear.controller
  artifactKey: Guid(32f35696d1fb8f4458d10db508194507) Importer(815301076,1909f56bfc062723c751e8b465ee728b)
Start importing Assets/Animations/VFX/vfx_gameClear.controller using Guid(32f35696d1fb8f4458d10db508194507) Importer(815301076,1909f56bfc062723c751e8b465ee728b)  -> (artifact id: '813649482772e66b939aa3f8e321ba02') in 0.015000 seconds 
  Import took 0.019658 seconds .

========================================================================
Received Import Request.
  Time since last request: 27.564091 seconds.
  path: Assets/Resources/Sprites/VFX/vfx_gameClear.png
  artifactKey: Guid(4ef8cfea061bbdb428655d178e3cabbb) Importer(815301076,1909f56bfc062723c751e8b465ee728b)
Start importing Assets/Resources/Sprites/VFX/vfx_gameClear.png using Guid(4ef8cfea061bbdb428655d178e3cabbb) Importer(815301076,1909f56bfc062723c751e8b465ee728b)  -> (artifact id: '7aa40e78b193adcd00d1a0e0d2e60fd4') in 0.161649 seconds 
  Import took 0.171655 seconds .

========================================================================
Received Import Request.
  Time since last request: 83.635150 seconds.
  path: Assets/Resources/Sprites/VFX/vfx_gameClear.png
  artifactKey: Guid(4ef8cfea061bbdb428655d178e3cabbb) Importer(815301076,1909f56bfc062723c751e8b465ee728b)
Start importing Assets/Resources/Sprites/VFX/vfx_gameClear.png using Guid(4ef8cfea061bbdb428655d178e3cabbb) Importer(815301076,1909f56bfc062723c751e8b465ee728b)  -> (artifact id: '98b2ce828a2e70058ce42162841f2655') in 0.026630 seconds 
  Import took 0.032185 seconds .

========================================================================
Received Import Request.
  Time since last request: 14.234666 seconds.
  path: Assets/Resources/Sprites/VFX/vfx_gameClear.png
  artifactKey: Guid(4ef8cfea061bbdb428655d178e3cabbb) Importer(815301076,1909f56bfc062723c751e8b465ee728b)
Start importing Assets/Resources/Sprites/VFX/vfx_gameClear.png using Guid(4ef8cfea061bbdb428655d178e3cabbb) Importer(815301076,1909f56bfc062723c751e8b465ee728b)  -> (artifact id: 'f06c6e38cbfa445a6f70fe0570f056b3') in 0.374878 seconds 
  Import took 0.385989 seconds .

========================================================================
Received Import Request.
  Time since last request: 37.703063 seconds.
  path: Assets/Resources/Sprites/VFX/vfx1_gameClear.png
  artifactKey: Guid(5f1ef42ecbf0c3e48ade4954289bbbf7) Importer(815301076,1909f56bfc062723c751e8b465ee728b)
Start importing Assets/Resources/Sprites/VFX/vfx1_gameClear.png using Guid(5f1ef42ecbf0c3e48ade4954289bbbf7) Importer(815301076,1909f56bfc062723c751e8b465ee728b)  -> (artifact id: 'f19f53448daf6f5bc422052eba8a4912') in 0.098232 seconds 
  Import took 0.106191 seconds .

========================================================================
Received Import Request.
  Time since last request: 11.361750 seconds.
  path: Assets/Resources/Sprites/VFX/vfx1_gameClear.png
  artifactKey: Guid(5f1ef42ecbf0c3e48ade4954289bbbf7) Importer(815301076,1909f56bfc062723c751e8b465ee728b)
Start importing Assets/Resources/Sprites/VFX/vfx1_gameClear.png using Guid(5f1ef42ecbf0c3e48ade4954289bbbf7) Importer(815301076,1909f56bfc062723c751e8b465ee728b)  -> (artifact id: '14891a319e2fefe8f41321343e255b5c') in 0.026936 seconds 
  Import took 0.037891 seconds .

========================================================================
Received Import Request.
  Time since last request: 11.504998 seconds.
  path: Assets/Resources/Sprites/VFX/vfx1_gameClear.png
  artifactKey: Guid(5f1ef42ecbf0c3e48ade4954289bbbf7) Importer(815301076,1909f56bfc062723c751e8b465ee728b)
Start importing Assets/Resources/Sprites/VFX/vfx1_gameClear.png using Guid(5f1ef42ecbf0c3e48ade4954289bbbf7) Importer(815301076,1909f56bfc062723c751e8b465ee728b)  -> (artifact id: '9bf7a0245402d177d6037f14c076deaa') in 0.361179 seconds 
  Import took 0.374973 seconds .

========================================================================
Received Import Request.
  Time since last request: 107.956883 seconds.
  path: Assets/Animations/VFX/vfx1_gameClear_0.controller
  artifactKey: Guid(ba18eda8642e6054982d6aee3a443003) Importer(815301076,1909f56bfc062723c751e8b465ee728b)
Start importing Assets/Animations/VFX/vfx1_gameClear_0.controller using Guid(ba18eda8642e6054982d6aee3a443003) Importer(815301076,1909f56bfc062723c751e8b465ee728b)  -> (artifact id: '7712e1de8b140f3d7f7a9b2e6addea6d') in 0.014815 seconds 
  Import took 0.023341 seconds .

========================================================================
Received Import Request.
  Time since last request: 6.992633 seconds.
  path: Assets/Animations/VFX/vfx_gameClear.controller
  artifactKey: Guid(ba18eda8642e6054982d6aee3a443003) Importer(815301076,1909f56bfc062723c751e8b465ee728b)
Start importing Assets/Animations/VFX/vfx_gameClear.controller using Guid(ba18eda8642e6054982d6aee3a443003) Importer(815301076,1909f56bfc062723c751e8b465ee728b)  -> (artifact id: '2a71b62ed3067e8d0b44c12a80d516e5') in 0.010719 seconds 
  Import took 0.016278 seconds .

========================================================================
Received Import Request.
  Time since last request: 10.707398 seconds.
  path: Assets/Resources/Sprites/VFX/vfx_gameClear.png
  artifactKey: Guid(5f1ef42ecbf0c3e48ade4954289bbbf7) Importer(815301076,1909f56bfc062723c751e8b465ee728b)
Start importing Assets/Resources/Sprites/VFX/vfx_gameClear.png using Guid(5f1ef42ecbf0c3e48ade4954289bbbf7) Importer(815301076,1909f56bfc062723c751e8b465ee728b)  -> (artifact id: 'dbcb52cb5933705b3779c6ea3e33231e') in 0.304520 seconds 
  Import took 0.310707 seconds .

========================================================================
Received Import Request.
  Time since last request: 22.158959 seconds.
  path: Assets/Resources/Sprites/VFX/vfx_gameClear.png
  artifactKey: Guid(5f1ef42ecbf0c3e48ade4954289bbbf7) Importer(815301076,1909f56bfc062723c751e8b465ee728b)
Start importing Assets/Resources/Sprites/VFX/vfx_gameClear.png using Guid(5f1ef42ecbf0c3e48ade4954289bbbf7) Importer(815301076,1909f56bfc062723c751e8b465ee728b)  -> (artifact id: '4bd3477faeb0bf2fba2a20c2ee35702a') in 0.099622 seconds 
  Import took 0.107335 seconds .

========================================================================
Received Import Request.
  Time since last request: 7.707922 seconds.
  path: Assets/Resources/Sprites/VFX/vfx_gameClear.png
  artifactKey: Guid(5f1ef42ecbf0c3e48ade4954289bbbf7) Importer(815301076,1909f56bfc062723c751e8b465ee728b)
Start importing Assets/Resources/Sprites/VFX/vfx_gameClear.png using Guid(5f1ef42ecbf0c3e48ade4954289bbbf7) Importer(815301076,1909f56bfc062723c751e8b465ee728b)  -> (artifact id: '9147b87a4a22258d7480090ff2829609') in 0.026500 seconds 
  Import took 0.036392 seconds .

========================================================================
Received Import Request.
  Time since last request: 7.475982 seconds.
  path: Assets/Resources/Sprites/VFX/vfx_gameClear.png
  artifactKey: Guid(5f1ef42ecbf0c3e48ade4954289bbbf7) Importer(815301076,1909f56bfc062723c751e8b465ee728b)
Start importing Assets/Resources/Sprites/VFX/vfx_gameClear.png using Guid(5f1ef42ecbf0c3e48ade4954289bbbf7) Importer(815301076,1909f56bfc062723c751e8b465ee728b)  -> (artifact id: '7afb89a009510b65bcb925ae329210f1') in 0.331443 seconds 
  Import took 0.338528 seconds .

========================================================================
Received Import Request.
  Time since last request: 57.671241 seconds.
  path: Assets/Resources/Sprites/VFX/vfx_gameClear.png
  artifactKey: Guid(5f1ef42ecbf0c3e48ade4954289bbbf7) Importer(815301076,1909f56bfc062723c751e8b465ee728b)
Start importing Assets/Resources/Sprites/VFX/vfx_gameClear.png using Guid(5f1ef42ecbf0c3e48ade4954289bbbf7) Importer(815301076,1909f56bfc062723c751e8b465ee728b)  -> (artifact id: '755eb854b5ba6f550d39928e8d35509e') in 0.369871 seconds 
  Import took 0.376959 seconds .

========================================================================
Received Import Request.
  Time since last request: 29.879221 seconds.
  path: Assets/Resources/Sprites/VFX/vfx_gameClear.png
  artifactKey: Guid(5f1ef42ecbf0c3e48ade4954289bbbf7) Importer(815301076,1909f56bfc062723c751e8b465ee728b)
Start importing Assets/Resources/Sprites/VFX/vfx_gameClear.png using Guid(5f1ef42ecbf0c3e48ade4954289bbbf7) Importer(815301076,1909f56bfc062723c751e8b465ee728b)  -> (artifact id: '3200e31052bd5d055ed549ec858ed476') in 0.301941 seconds 
  Import took 0.310470 seconds .

========================================================================
Received Import Request.
  Time since last request: 72.833088 seconds.
  path: Assets/Animations/VFX/vfx_gameClear_0.controller
  artifactKey: Guid(28c818a0cd5a93240a1386a786949124) Importer(815301076,1909f56bfc062723c751e8b465ee728b)
Start importing Assets/Animations/VFX/vfx_gameClear_0.controller using Guid(28c818a0cd5a93240a1386a786949124) Importer(815301076,1909f56bfc062723c751e8b465ee728b)  -> (artifact id: 'e4b9675ece4cb75041d1d5d7f6af15be') in 0.013319 seconds 
  Import took 0.022815 seconds .

========================================================================
Received Prepare
Registering precompiled user dll's ...
Registered in 0.019374 seconds.
Begin MonoManager ReloadAssembly
Native extension for WindowsStandalone target not found
Native extension for WebGL target not found
Refreshing native plugins compatible for Editor in 0.75 ms, found 3 plugins.
Preloading 0 native plugins for Editor in 0.00 ms.
Mono: successfully reloaded assembly
- Completed reload, in  2.133 seconds
Domain Reload Profiling:
	ReloadAssembly (2134ms)
		BeginReloadAssembly (297ms)
			ExecutionOrderSort (0ms)
			DisableScriptedObjects (15ms)
			BackupInstance (0ms)
			ReleaseScriptingObjects (0ms)
			CreateAndSetChildDomain (92ms)
		EndReloadAssembly (1663ms)
			LoadAssemblies (257ms)
			RebuildTransferFunctionScriptingTraits (0ms)
			SetupTypeCache (581ms)
			ReleaseScriptCaches (1ms)
			RebuildScriptCaches (71ms)
			SetupLoadedEditorAssemblies (624ms)
				LogAssemblyErrors (0ms)
				InitializePlatformSupportModulesInManaged (9ms)
				SetLoadedEditorAssemblies (1ms)
				RefreshPlugins (1ms)
				BeforeProcessingInitializeOnLoad (158ms)
				ProcessInitializeOnLoadAttributes (405ms)
				ProcessInitializeOnLoadMethodAttributes (16ms)
				AfterProcessingInitializeOnLoad (33ms)
				EditorAssembliesLoaded (0ms)
			ExecutionOrderSort2 (0ms)
			AwakeInstancesAfterBackupRestoration (15ms)
Platform modules already initialized, skipping
Refreshing native plugins compatible for Editor in 0.64 ms, found 3 plugins.
Preloading 0 native plugins for Editor in 0.00 ms.
Unloading 2188 Unused Serialized files (Serialized files now loaded: 0)
System memory in use before: 102.0 MB.
System memory in use after: 102.1 MB.

Unloading 17 unused Assets to reduce memory usage. Loaded Objects now: 2705.
Total: 6.701700 ms (FindLiveObjects: 0.430300 ms CreateObjectMapping: 0.383300 ms MarkObjects: 5.830200 ms  DeleteObjects: 0.055800 ms)

AssetImportParameters requested are different than current active one (requested -> active):
  custom:framework-win-MediaFoundation: 216162199b28c13a410421893ffa2e32 -> 
  custom:video-decoder-ogg-theora: a1e56fd34408186e4bbccfd4996cb3dc -> 
  custom:container-muxer-webm: aa71ff27fc2769a1b78a27578f13a17b -> 
  custom:container-demuxer-webm: 4f35f7cbe854078d1ac9338744f61a02 -> 
  custom:container-demuxer-ogg: 62fdf1f143b41e24485cea50d1cbac27 -> 
  custom:video-encoder-webm-vp8: eb34c28f22e8b96e1ab97ce403110664 -> 
  custom:video-codec-MediaFoundation-h265: 746d11721c4dcdbdad8f713fa42b33f4 -> 
  custom:video-decoder-webm-vp8: 9c59270c3fd7afecdb556c50c9e8de78 -> 
  custom:audio-decoder-ogg-vorbis: bf7c407c2cedff20999df2af8eb42d56 -> 
  custom:audio-encoder-webm-vorbis: bf7c407c2cedff20999df2af8eb42d56 -> 
========================================================================
Received Prepare
Registering precompiled user dll's ...
Registered in 0.012921 seconds.
Begin MonoManager ReloadAssembly
Native extension for WindowsStandalone target not found
Native extension for WebGL target not found
Refreshing native plugins compatible for Editor in 0.85 ms, found 3 plugins.
Preloading 0 native plugins for Editor in 0.00 ms.
Mono: successfully reloaded assembly
- Completed reload, in  1.952 seconds
Domain Reload Profiling:
	ReloadAssembly (1953ms)
		BeginReloadAssembly (351ms)
			ExecutionOrderSort (0ms)
			DisableScriptedObjects (16ms)
			BackupInstance (0ms)
			ReleaseScriptingObjects (0ms)
			CreateAndSetChildDomain (122ms)
		EndReloadAssembly (1472ms)
			LoadAssemblies (279ms)
			RebuildTransferFunctionScriptingTraits (0ms)
			SetupTypeCache (463ms)
			ReleaseScriptCaches (2ms)
			RebuildScriptCaches (51ms)
			SetupLoadedEditorAssemblies (589ms)
				LogAssemblyErrors (0ms)
				InitializePlatformSupportModulesInManaged (18ms)
				SetLoadedEditorAssemblies (1ms)
				RefreshPlugins (1ms)
				BeforeProcessingInitializeOnLoad (163ms)
				ProcessInitializeOnLoadAttributes (352ms)
				ProcessInitializeOnLoadMethodAttributes (19ms)
				AfterProcessingInitializeOnLoad (36ms)
				EditorAssembliesLoaded (0ms)
			ExecutionOrderSort2 (0ms)
			AwakeInstancesAfterBackupRestoration (14ms)
Platform modules already initialized, skipping
Refreshing native plugins compatible for Editor in 1.13 ms, found 3 plugins.
Preloading 0 native plugins for Editor in 0.00 ms.
Unloading 2188 Unused Serialized files (Serialized files now loaded: 0)
System memory in use before: 102.0 MB.
System memory in use after: 102.1 MB.

Unloading 17 unused Assets to reduce memory usage. Loaded Objects now: 2707.
Total: 3.795000 ms (FindLiveObjects: 0.276300 ms CreateObjectMapping: 0.120300 ms MarkObjects: 3.338700 ms  DeleteObjects: 0.058800 ms)

AssetImportParameters requested are different than current active one (requested -> active):
  custom:framework-win-MediaFoundation: 216162199b28c13a410421893ffa2e32 -> 
  custom:video-decoder-ogg-theora: a1e56fd34408186e4bbccfd4996cb3dc -> 
  custom:container-muxer-webm: aa71ff27fc2769a1b78a27578f13a17b -> 
  custom:container-demuxer-webm: 4f35f7cbe854078d1ac9338744f61a02 -> 
  custom:container-demuxer-ogg: 62fdf1f143b41e24485cea50d1cbac27 -> 
  custom:video-encoder-webm-vp8: eb34c28f22e8b96e1ab97ce403110664 -> 
  custom:video-codec-MediaFoundation-h265: 746d11721c4dcdbdad8f713fa42b33f4 -> 
  custom:video-decoder-webm-vp8: 9c59270c3fd7afecdb556c50c9e8de78 -> 
  custom:audio-decoder-ogg-vorbis: bf7c407c2cedff20999df2af8eb42d56 -> 
  custom:audio-encoder-webm-vorbis: bf7c407c2cedff20999df2af8eb42d56 -> 
========================================================================
Received Import Request.
  Time since last request: 64.655379 seconds.
  path: Assets/Animations/VFX/vfx_gameClear.controller
  artifactKey: Guid(28c818a0cd5a93240a1386a786949124) Importer(815301076,1909f56bfc062723c751e8b465ee728b)
Start importing Assets/Animations/VFX/vfx_gameClear.controller using Guid(28c818a0cd5a93240a1386a786949124) Importer(815301076,1909f56bfc062723c751e8b465ee728b)  -> (artifact id: 'e2e5b8be3fb137fe62ec7b6b6b148d54') in 0.023759 seconds 
  Import took 0.028985 seconds .

========================================================================
Received Prepare
Registering precompiled user dll's ...
Registered in 0.013244 seconds.
Begin MonoManager ReloadAssembly
Native extension for WindowsStandalone target not found
Native extension for WebGL target not found
Refreshing native plugins compatible for Editor in 0.62 ms, found 3 plugins.
Preloading 0 native plugins for Editor in 0.00 ms.
Mono: successfully reloaded assembly
- Completed reload, in  1.761 seconds
Domain Reload Profiling:
	ReloadAssembly (1761ms)
		BeginReloadAssembly (262ms)
			ExecutionOrderSort (0ms)
			DisableScriptedObjects (9ms)
			BackupInstance (0ms)
			ReleaseScriptingObjects (0ms)
			CreateAndSetChildDomain (44ms)
		EndReloadAssembly (1379ms)
			LoadAssemblies (204ms)
			RebuildTransferFunctionScriptingTraits (0ms)
			SetupTypeCache (459ms)
			ReleaseScriptCaches (1ms)
			RebuildScriptCaches (64ms)
			SetupLoadedEditorAssemblies (515ms)
				LogAssemblyErrors (0ms)
				InitializePlatformSupportModulesInManaged (11ms)
				SetLoadedEditorAssemblies (1ms)
				RefreshPlugins (1ms)
				BeforeProcessingInitializeOnLoad (163ms)
				ProcessInitializeOnLoadAttributes (290ms)
				ProcessInitializeOnLoadMethodAttributes (14ms)
				AfterProcessingInitializeOnLoad (35ms)
				EditorAssembliesLoaded (0ms)
			ExecutionOrderSort2 (0ms)
			AwakeInstancesAfterBackupRestoration (11ms)
Platform modules already initialized, skipping
Refreshing native plugins compatible for Editor in 1.02 ms, found 3 plugins.
Preloading 0 native plugins for Editor in 0.00 ms.
Unloading 2188 Unused Serialized files (Serialized files now loaded: 0)
System memory in use before: 102.0 MB.
System memory in use after: 102.2 MB.

Unloading 17 unused Assets to reduce memory usage. Loaded Objects now: 2709.
Total: 5.018500 ms (FindLiveObjects: 0.276600 ms CreateObjectMapping: 0.134100 ms MarkObjects: 4.560000 ms  DeleteObjects: 0.046000 ms)

AssetImportParameters requested are different than current active one (requested -> active):
  custom:framework-win-MediaFoundation: 216162199b28c13a410421893ffa2e32 -> 
  custom:video-decoder-ogg-theora: a1e56fd34408186e4bbccfd4996cb3dc -> 
  custom:container-muxer-webm: aa71ff27fc2769a1b78a27578f13a17b -> 
  custom:container-demuxer-webm: 4f35f7cbe854078d1ac9338744f61a02 -> 
  custom:container-demuxer-ogg: 62fdf1f143b41e24485cea50d1cbac27 -> 
  custom:video-encoder-webm-vp8: eb34c28f22e8b96e1ab97ce403110664 -> 
  custom:video-codec-MediaFoundation-h265: 746d11721c4dcdbdad8f713fa42b33f4 -> 
  custom:video-decoder-webm-vp8: 9c59270c3fd7afecdb556c50c9e8de78 -> 
  custom:audio-decoder-ogg-vorbis: bf7c407c2cedff20999df2af8eb42d56 -> 
  custom:audio-encoder-webm-vorbis: bf7c407c2cedff20999df2af8eb42d56 -> 
========================================================================
Received Import Request.
  Time since last request: 105.949985 seconds.
  path: Assets/Resources/Sprites/VFX/vfx_gameClear.png
  artifactKey: Guid(5f1ef42ecbf0c3e48ade4954289bbbf7) Importer(815301076,1909f56bfc062723c751e8b465ee728b)
Start importing Assets/Resources/Sprites/VFX/vfx_gameClear.png using Guid(5f1ef42ecbf0c3e48ade4954289bbbf7) Importer(815301076,1909f56bfc062723c751e8b465ee728b)  -> (artifact id: 'eed7f12551d3e2aa261b7e9f483d07ff') in 0.451075 seconds 
  Import took 0.458690 seconds .

========================================================================
Received Prepare
Registering precompiled user dll's ...
Registered in 0.020418 seconds.
Begin MonoManager ReloadAssembly
Native extension for WindowsStandalone target not found
Native extension for WebGL target not found
Refreshing native plugins compatible for Editor in 0.65 ms, found 3 plugins.
Preloading 0 native plugins for Editor in 0.00 ms.
Mono: successfully reloaded assembly
- Completed reload, in  1.856 seconds
Domain Reload Profiling:
	ReloadAssembly (1856ms)
		BeginReloadAssembly (276ms)
			ExecutionOrderSort (0ms)
			DisableScriptedObjects (14ms)
			BackupInstance (0ms)
			ReleaseScriptingObjects (0ms)
			CreateAndSetChildDomain (66ms)
		EndReloadAssembly (1397ms)
			LoadAssemblies (297ms)
			RebuildTransferFunctionScriptingTraits (0ms)
			SetupTypeCache (440ms)
			ReleaseScriptCaches (1ms)
			RebuildScriptCaches (74ms)
			SetupLoadedEditorAssemblies (497ms)
				LogAssemblyErrors (0ms)
				InitializePlatformSupportModulesInManaged (8ms)
				SetLoadedEditorAssemblies (1ms)
				RefreshPlugins (1ms)
				BeforeProcessingInitializeOnLoad (159ms)
				ProcessInitializeOnLoadAttributes (280ms)
				ProcessInitializeOnLoadMethodAttributes (15ms)
				AfterProcessingInitializeOnLoad (34ms)
				EditorAssembliesLoaded (0ms)
			ExecutionOrderSort2 (0ms)
			AwakeInstancesAfterBackupRestoration (13ms)
Platform modules already initialized, skipping
Refreshing native plugins compatible for Editor in 0.60 ms, found 3 plugins.
Preloading 0 native plugins for Editor in 0.00 ms.
Unloading 2188 Unused Serialized files (Serialized files now loaded: 0)
System memory in use before: 102.0 MB.
System memory in use after: 102.2 MB.

Unloading 17 unused Assets to reduce memory usage. Loaded Objects now: 2712.
Total: 5.131800 ms (FindLiveObjects: 0.613100 ms CreateObjectMapping: 0.225900 ms MarkObjects: 4.245400 ms  DeleteObjects: 0.044000 ms)

AssetImportParameters requested are different than current active one (requested -> active):
  custom:framework-win-MediaFoundation: 216162199b28c13a410421893ffa2e32 -> 
  custom:video-decoder-ogg-theora: a1e56fd34408186e4bbccfd4996cb3dc -> 
  custom:container-muxer-webm: aa71ff27fc2769a1b78a27578f13a17b -> 
  custom:container-demuxer-webm: 4f35f7cbe854078d1ac9338744f61a02 -> 
  custom:container-demuxer-ogg: 62fdf1f143b41e24485cea50d1cbac27 -> 
  custom:video-encoder-webm-vp8: eb34c28f22e8b96e1ab97ce403110664 -> 
  custom:video-codec-MediaFoundation-h265: 746d11721c4dcdbdad8f713fa42b33f4 -> 
  custom:video-decoder-webm-vp8: 9c59270c3fd7afecdb556c50c9e8de78 -> 
  custom:audio-decoder-ogg-vorbis: bf7c407c2cedff20999df2af8eb42d56 -> 
  custom:audio-encoder-webm-vorbis: bf7c407c2cedff20999df2af8eb42d56 -> 
========================================================================
Received Import Request.
  Time since last request: 72.307872 seconds.
  path: Assets/Animations/VFX/vfx_gameClear_0.controller
  artifactKey: Guid(e1a34cecab500c443adad39b2c84cacf) Importer(815301076,1909f56bfc062723c751e8b465ee728b)
Start importing Assets/Animations/VFX/vfx_gameClear_0.controller using Guid(e1a34cecab500c443adad39b2c84cacf) Importer(815301076,1909f56bfc062723c751e8b465ee728b)  -> (artifact id: 'd7f79f73bd0a0e189a5608e39021453d') in 0.029338 seconds 
  Import took 0.034316 seconds .

========================================================================
Received Import Request.
  Time since last request: 2.537791 seconds.
  path: Assets/Animations/VFX/vfx_gameClear.controller
  artifactKey: Guid(e1a34cecab500c443adad39b2c84cacf) Importer(815301076,1909f56bfc062723c751e8b465ee728b)
Start importing Assets/Animations/VFX/vfx_gameClear.controller using Guid(e1a34cecab500c443adad39b2c84cacf) Importer(815301076,1909f56bfc062723c751e8b465ee728b)  -> (artifact id: 'cd2213a7503eeaa8a68e237b579ed391') in 0.009093 seconds 
  Import took 0.023669 seconds .

========================================================================
Received Prepare
Registering precompiled user dll's ...
Registered in 0.022762 seconds.
Begin MonoManager ReloadAssembly
Native extension for WindowsStandalone target not found
Native extension for WebGL target not found
Refreshing native plugins compatible for Editor in 0.53 ms, found 3 plugins.
Preloading 0 native plugins for Editor in 0.00 ms.
Mono: successfully reloaded assembly
- Completed reload, in  1.873 seconds
Domain Reload Profiling:
	ReloadAssembly (1874ms)
		BeginReloadAssembly (347ms)
			ExecutionOrderSort (0ms)
			DisableScriptedObjects (20ms)
			BackupInstance (0ms)
			ReleaseScriptingObjects (0ms)
			CreateAndSetChildDomain (42ms)
		EndReloadAssembly (1410ms)
			LoadAssemblies (182ms)
			RebuildTransferFunctionScriptingTraits (0ms)
			SetupTypeCache (511ms)
			ReleaseScriptCaches (2ms)
			RebuildScriptCaches (81ms)
			SetupLoadedEditorAssemblies (476ms)
				LogAssemblyErrors (0ms)
				InitializePlatformSupportModulesInManaged (7ms)
				SetLoadedEditorAssemblies (1ms)
				RefreshPlugins (1ms)
				BeforeProcessingInitializeOnLoad (143ms)
				ProcessInitializeOnLoadAttributes (271ms)
				ProcessInitializeOnLoadMethodAttributes (18ms)
				AfterProcessingInitializeOnLoad (34ms)
				EditorAssembliesLoaded (0ms)
			ExecutionOrderSort2 (0ms)
			AwakeInstancesAfterBackupRestoration (11ms)
Platform modules already initialized, skipping
Refreshing native plugins compatible for Editor in 1.22 ms, found 3 plugins.
Preloading 0 native plugins for Editor in 0.00 ms.
Unloading 2188 Unused Serialized files (Serialized files now loaded: 0)
System memory in use before: 102.1 MB.
System memory in use after: 102.3 MB.

Unloading 17 unused Assets to reduce memory usage. Loaded Objects now: 2714.
Total: 6.154700 ms (FindLiveObjects: 0.575700 ms CreateObjectMapping: 0.228000 ms MarkObjects: 5.319400 ms  DeleteObjects: 0.029000 ms)

AssetImportParameters requested are different than current active one (requested -> active):
  custom:framework-win-MediaFoundation: 216162199b28c13a410421893ffa2e32 -> 
  custom:video-decoder-ogg-theora: a1e56fd34408186e4bbccfd4996cb3dc -> 
  custom:container-muxer-webm: aa71ff27fc2769a1b78a27578f13a17b -> 
  custom:container-demuxer-webm: 4f35f7cbe854078d1ac9338744f61a02 -> 
  custom:container-demuxer-ogg: 62fdf1f143b41e24485cea50d1cbac27 -> 
  custom:video-encoder-webm-vp8: eb34c28f22e8b96e1ab97ce403110664 -> 
  custom:video-codec-MediaFoundation-h265: 746d11721c4dcdbdad8f713fa42b33f4 -> 
  custom:video-decoder-webm-vp8: 9c59270c3fd7afecdb556c50c9e8de78 -> 
  custom:audio-decoder-ogg-vorbis: bf7c407c2cedff20999df2af8eb42d56 -> 
  custom:audio-encoder-webm-vorbis: bf7c407c2cedff20999df2af8eb42d56 -> 
AssetImportWorkerClient::OnTransportError - code=2 error=End of file
