Using pre-set license
Built from '2020.3/staging' branch; Version is '2020.3.23f1 (c5d91304a876) revision 12966163'; Using compiler version '192528614'; Build Type 'Release'
OS: 'Windows 10 Home; OS build 19044.1586; Version 2009; 64bit' Language: 'ko' Physical Memory: 8059 MB
BatchMode: 1, IsHumanControllingUs: 0, StartBugReporterOnCrash: 0, Is64bit: 1, IsPro: 0

COMMAND LINE ARGUMENTS:
C:\Program Files\Unity\Hub\Editor\2020.3.23f1\Editor\Unity.exe
-adb2
-batchMode
-noUpm
-name
AssetImportWorker1
-projectPath
C:/Users/westk/Documents/UnityProjects/CatRun
-logFile
Logs/AssetImportWorker1.log
-srvPort
49741
Successfully changed project path to: C:/Users/westk/Documents/UnityProjects/CatRun
C:/Users/westk/Documents/UnityProjects/CatRun
Using Asset Import Pipeline V2.
